Log file open, 03/19/22 10:42:47
LogWindows: Failed to load 'aqProf.dll' (GetLastError=126)
LogWindows: File 'aqProf.dll' does not exist
LogWindows: Failed to load 'VtuneApi.dll' (GetLastError=126)
LogWindows: File 'VtuneApi.dll' does not exist
LogWindows: Failed to load 'VtuneApi32e.dll' (GetLastError=126)
LogWindows: File 'VtuneApi32e.dll' does not exist
LogConsoleResponse: Display: Failed to find resolution value strings in scalability ini. Falling back to default.
LogConsoleResponse: Display: Failed to find resolution value strings in scalability ini. Falling back to default.
LogInit: Display: Running engine for game: TheUnnamed
LogPlatformFile: Not using cached read wrapper
LogTaskGraph: Started task graph with 5 named threads and 14 total threads with 3 sets of task threads.
LogStats: Stats thread started at 0.830642
LogICUInternationalization: ICU TimeZone Detection - Raw Offset: +3:00, Platform Override: ''
LogInit: Display: Loading text-based GConfig....
LogPluginManager: Mounting plugin MeshPainting
LogPluginManager: Mounting plugin XGEController
LogPluginManager: Mounting plugin Paper2D
LogPluginManager: Mounting plugin LiveLink
LogPluginManager: Mounting plugin AISupport
LogPluginManager: Mounting plugin EnvironmentQueryEditor
LogPluginManager: Mounting plugin LightPropagationVolume
LogPluginManager: Mounting plugin OodleNetwork
LogPluginManager: Mounting plugin OodleData
LogPluginManager: Mounting plugin CameraShakePreviewer
LogPluginManager: Mounting plugin GameplayCameras
LogPluginManager: Mounting plugin AnimationSharing
LogPluginManager: Mounting plugin CLionSourceCodeAccess
LogPluginManager: Mounting plugin CodeLiteSourceCodeAccess
LogPluginManager: Mounting plugin GitSourceControl
LogPluginManager: Mounting plugin KDevelopSourceCodeAccess
LogPluginManager: Mounting plugin NullSourceCodeAccess
LogPluginManager: Mounting plugin PerforceSourceControl
LogPluginManager: Mounting plugin PixWinPlugin
LogPluginManager: Mounting plugin PlasticSourceControl
LogPluginManager: Mounting plugin PluginUtils
LogPluginManager: Mounting plugin PropertyAccessNode
LogPluginManager: Mounting plugin RiderSourceCodeAccess
LogPluginManager: Mounting plugin SubversionSourceControl
LogPluginManager: Mounting plugin TextureFormatOodle
LogPluginManager: Mounting plugin UObjectPlugin
LogPluginManager: Mounting plugin VisualStudioCodeSourceCodeAccess
LogPluginManager: Mounting plugin VisualStudioSourceCodeAccess
LogPluginManager: Mounting plugin XCodeSourceCodeAccess
LogPluginManager: Mounting plugin AssetManagerEditor
LogPluginManager: Mounting plugin CryptoKeys
LogPluginManager: Mounting plugin CurveEditorTools
LogPluginManager: Mounting plugin DataValidation
LogPluginManager: Mounting plugin FacialAnimation
LogPluginManager: Mounting plugin GameplayTagsEditor
LogPluginManager: Mounting plugin GeometryMode
LogPluginManager: Mounting plugin MacGraphicsSwitching
LogPluginManager: Mounting plugin MaterialAnalyzer
LogPluginManager: Mounting plugin MobileLauncherProfileWizard
LogPluginManager: Mounting plugin PluginBrowser
LogPluginManager: Mounting plugin SpeedTreeImporter
LogPluginManager: Mounting plugin DatasmithContent
LogPluginManager: Mounting plugin VariantManagerContent
LogPluginManager: Mounting plugin Niagara
LogPluginManager: Mounting plugin AlembicImporter
LogPluginManager: Mounting plugin AutomationUtils
LogPluginManager: Mounting plugin BackChannel
LogPluginManager: Mounting plugin ChaosClothEditor
LogPluginManager: Mounting plugin ChaosEditor
LogPluginManager: Mounting plugin ChaosNiagara
LogPluginManager: Mounting plugin ChaosCloth
LogPluginManager: Mounting plugin CharacterAI
LogPluginManager: Mounting plugin ChaosSolverPlugin
LogPluginManager: Mounting plugin GeometryCache
LogPluginManager: Mounting plugin GeometryCollectionPlugin
LogPluginManager: Mounting plugin GeometryProcessing
LogPluginManager: Mounting plugin MotoSynth
LogPluginManager: Mounting plugin OpenImageDenoise
LogPluginManager: Mounting plugin PlanarCut
LogPluginManager: Mounting plugin PlatformCrypto
LogPluginManager: Mounting plugin ProxyLODPlugin
LogPluginManager: Mounting plugin PythonScriptPlugin
LogPluginManager: Mounting plugin SkeletalReduction
LogPluginManager: Mounting plugin LuminPlatformFeatures
LogPluginManager: Mounting plugin MagicLeap
LogPluginManager: Mounting plugin MagicLeapLightEstimation
LogPluginManager: Mounting plugin MagicLeapMedia
LogPluginManager: Mounting plugin MagicLeapPassableWorld
LogPluginManager: Mounting plugin MLSDK
LogPluginManager: Mounting plugin AndroidMedia
LogPluginManager: Mounting plugin AvfMedia
LogPluginManager: Mounting plugin MediaCompositing
LogPluginManager: Mounting plugin MediaPlayerEditor
LogPluginManager: Mounting plugin ImgMedia
LogPluginManager: Mounting plugin WmfMedia
LogPluginManager: Mounting plugin UdpMessaging
LogPluginManager: Mounting plugin WebMMedia
LogPluginManager: Mounting plugin LevelSequenceEditor
LogPluginManager: Mounting plugin MatineeToLevelSequence
LogPluginManager: Mounting plugin ActorSequence
LogPluginManager: Mounting plugin TemplateSequence
LogPluginManager: Mounting plugin OnlineSubsystem
LogPluginManager: Mounting plugin OnlineSubsystemNull
LogPluginManager: Mounting plugin OnlineSubsystemUtils
LogPluginManager: Mounting plugin LauncherChunkInstaller
LogPluginManager: Mounting plugin ActorLayerUtilities
LogPluginManager: Mounting plugin AndroidDeviceProfileSelector
LogPluginManager: Mounting plugin AndroidMoviePlayer
LogPluginManager: Mounting plugin AndroidPermission
LogPluginManager: Mounting plugin AppleImageUtils
LogPluginManager: Mounting plugin AppleMoviePlayer
LogPluginManager: Mounting plugin ArchVisCharacter
LogPluginManager: Mounting plugin AssetTags
LogPluginManager: Mounting plugin AudioCapture
LogPluginManager: Mounting plugin AudioSynesthesia
LogPluginManager: Mounting plugin CableComponent
LogPluginManager: Mounting plugin ChunkDownloader
LogPluginManager: Mounting plugin CustomMeshComponent
LogPluginManager: Mounting plugin TcpMessaging
LogPluginManager: Mounting plugin EditableMesh
LogPluginManager: Mounting plugin ExampleDeviceProfileSelector
LogPluginManager: Mounting plugin GoogleCloudMessaging
LogPluginManager: Mounting plugin GooglePAD
LogPluginManager: Mounting plugin IOSDeviceProfileSelector
LogPluginManager: Mounting plugin LinuxDeviceProfileSelector
LogPluginManager: Mounting plugin LocationServicesBPLibrary
LogPluginManager: Mounting plugin MobilePatchingUtils
LogPluginManager: Mounting plugin OpenXREyeTracker
LogPluginManager: Mounting plugin OpenXRHandTracking
LogPluginManager: Mounting plugin PhysXVehicles
LogPluginManager: Mounting plugin PostSplashScreen
LogPluginManager: Mounting plugin ProceduralMeshComponent
LogPluginManager: Mounting plugin PropertyAccessEditor
LogPluginManager: Mounting plugin SignificanceManager
LogPluginManager: Mounting plugin RuntimePhysXCooking
LogPluginManager: Mounting plugin SoundFields
LogPluginManager: Mounting plugin OpenXR
LogPluginManager: Mounting plugin Synthesis
LogPluginManager: Mounting plugin WebMMoviePlayer
LogPluginManager: Mounting plugin WindowsMoviePlayer
LogPluginManager: Mounting plugin ScreenshotTools
LogPluginManager: Mounting plugin Takes
LogPluginManager: Mounting plugin ContentBrowserAssetDataSource
LogPluginManager: Mounting plugin ContentBrowserClassDataSource
LogPluginManager: Mounting plugin ContentBrowserFileDataSource
LogPluginManager: Mounting plugin OnlineSubsystemGooglePlay
LogPluginManager: Mounting plugin OnlineSubsystemIOS
LogPluginManager: Mounting plugin OculusVR
LogPluginManager: Mounting plugin SteamVR
PixWinPlugin: PIX capture plugin failed to initialize! Check that the process is launched from PIX.
LogInit: Using libcurl 7.55.1-DEV
LogInit:  - built for x86_64-pc-win32
LogInit:  - supports SSL with OpenSSL/1.1.1
LogInit:  - supports HTTP deflate (compression) using libz 1.2.8
LogInit:  - other features:
LogInit:      CURL_VERSION_SSL
LogInit:      CURL_VERSION_LIBZ
LogInit:      CURL_VERSION_IPV6
LogInit:      CURL_VERSION_ASYNCHDNS
LogInit:      CURL_VERSION_LARGEFILE
LogInit:      CURL_VERSION_IDN
LogInit:  CurlRequestOptions (configurable via config and command line):
LogInit:  - bVerifyPeer = true  - Libcurl will verify peer certificate
LogInit:  - bUseHttpProxy = false  - Libcurl will NOT use HTTP proxy
LogInit:  - bDontReuseConnections = false  - Libcurl will reuse connections
LogInit:  - MaxHostConnections = 16  - Libcurl will limit the number of connections to a host
LogInit:  - LocalHostAddr = Default
LogInit:  - BufferSize = 65536
LogOnline: OSS: Creating online subsystem instance for: NULL
LogInit: WinSock: version 1.1 (2.2), MaxSocks=32767, MaxUdp=65467
LogOnline: OSS: TryLoadSubsystemAndSetDefault: Loaded subsystem for module [NULL]
LogOculusPluginWrapper: OculusPlugin initialized successfully
LogHMD: Failed initializing OVRPlugin 1.59.0
LogInit: Build: ++UE4+Release-4.27-CL-18319896
LogInit: Engine Version: 4.27.2-18319896+++UE4+Release-4.27
LogInit: Compatible Engine Version: 4.27.0-17155196+++UE4+Release-4.27
LogInit: Net CL: 17155196
LogInit: OS: Windows 10 (Release 2009) (), CPU: Intel(R) Xeon(R) CPU           X5450  @ 3.00GHz, GPU: NVIDIA GeForce GTX 650 Ti
LogInit: Compiled (64-bit): Nov 30 2021 07:12:08
LogInit: Compiled with Visual C++: 19.24.28315.00
LogInit: Build Configuration: Development
LogInit: Branch Name: ++UE4+Release-4.27
LogInit: Command Line:  -EpicPortal -epicusername=saram1z -epicuserid=bef2000d73df4cf6a16e64fcdfa3313a -epiclocale=ru -epicsandboxid=ue
LogInit: Base Directory: D:/ue4projs/UE_4.27/Engine/Binaries/Win64/
LogInit: Allocator: TBB
LogInit: Installed Engine Build: 1
LogDevObjectVersion: Number of dev versions registered: 29
LogDevObjectVersion:   Dev-Blueprints (B0D832E4-1F89-4F0D-ACCF-7EB736FD4AA2): 10
LogDevObjectVersion:   Dev-Build (E1C64328-A22C-4D53-A36C-8E866417BD8C): 0
LogDevObjectVersion:   Dev-Core (375EC13C-06E4-48FB-B500-84F0262A717E): 4
LogDevObjectVersion:   Dev-Editor (E4B068ED-F494-42E9-A231-DA0B2E46BB41): 40
LogDevObjectVersion:   Dev-Framework (CFFC743F-43B0-4480-9391-14DF171D2073): 37
LogDevObjectVersion:   Dev-Mobile (B02B49B5-BB20-44E9-A304-32B752E40360): 3
LogDevObjectVersion:   Dev-Networking (A4E4105C-59A1-49B5-A7C5-40C4547EDFEE): 0
LogDevObjectVersion:   Dev-Online (39C831C9-5AE6-47DC-9A44-9C173E1C8E7C): 0
LogDevObjectVersion:   Dev-Physics (78F01B33-EBEA-4F98-B9B4-84EACCB95AA2): 14
LogDevObjectVersion:   Dev-Platform (6631380F-2D4D-43E0-8009-CF276956A95A): 0
LogDevObjectVersion:   Dev-Rendering (12F88B9F-8875-4AFC-A67C-D90C383ABD29): 45
LogDevObjectVersion:   Dev-Sequencer (7B5AE74C-D270-4C10-A958-57980B212A5A): 13
LogDevObjectVersion:   Dev-VR (D7296918-1DD6-4BDD-9DE2-64A83CC13884): 3
LogDevObjectVersion:   Dev-LoadTimes (C2A15278-BFE7-4AFE-6C17-90FF531DF755): 1
LogDevObjectVersion:   Private-Geometry (6EACA3D4-40EC-4CC1-B786-8BED09428FC5): 3
LogDevObjectVersion:   Dev-AnimPhys (29E575DD-E0A3-4627-9D10-D276232CDCEA): 17
LogDevObjectVersion:   Dev-Anim (AF43A65D-7FD3-4947-9873-3E8ED9C1BB05): 15
LogDevObjectVersion:   Dev-ReflectionCapture (6B266CEC-1EC7-4B8F-A30B-E4D90942FC07): 1
LogDevObjectVersion:   Dev-Automation (0DF73D61-A23F-47EA-B727-89E90C41499A): 1
LogDevObjectVersion:   FortniteMain (601D1886-AC64-4F84-AA16-D3DE0DEAC7D6): 47
LogDevObjectVersion:   FortniteRelease (E7086368-6B23-4C58-8439-1B7016265E91): 1
LogDevObjectVersion:   Dev-Enterprise (9DFFBCD6-494F-0158-E221-12823C92A888): 10
LogDevObjectVersion:   Dev-Niagara (F2AED0AC-9AFE-416F-8664-AA7FFA26D6FC): 1
LogDevObjectVersion:   Dev-Destruction (174F1F0B-B4C6-45A5-B13F-2EE8D0FB917D): 10
LogDevObjectVersion:   Dev-Physics-Ext (35F94A83-E258-406C-A318-09F59610247C): 41
LogDevObjectVersion:   Dev-PhysicsMaterial-Chaos (B68FC16E-8B1B-42E2-B453-215C058844FE): 1
LogDevObjectVersion:   Dev-CineCamera (B2E18506-4273-CFC2-A54E-F4BB758BBA07): 1
LogDevObjectVersion:   Dev-VirtualProduction (64F58936-FD1B-42BA-BA96-7289D5D0FA4E): 1
LogDevObjectVersion:   Dev-MediaFramework (6F0ED827-A609-4895-9C91-998D90180EA4): 2
LogInit: Presizing for max 25165824 objects, including 0 objects not considered by GC, pre-allocating 0 bytes for permanent pool.
LogConfig: Applying CVar settings from Section [/Script/Engine.StreamingSettings] File [D:/git/march_marathon_22/TheUnnamed/Saved/Config/Windows/Engine.ini]
LogConfig: Setting CVar [[s.MinBulkDataSizeForAsyncLoading:131072]]
LogConfig: Setting CVar [[s.AsyncLoadingThreadEnabled:0]]
LogConfig: Setting CVar [[s.EventDrivenLoaderEnabled:1]]
LogConfig: Setting CVar [[s.WarnIfTimeLimitExceeded:0]]
LogConfig: Setting CVar [[s.TimeLimitExceededMultiplier:1.5]]
LogConfig: Setting CVar [[s.TimeLimitExceededMinTime:0.005]]
LogConfig: Setting CVar [[s.UseBackgroundLevelStreaming:1]]
LogConfig: Setting CVar [[s.PriorityAsyncLoadingExtraTime:15.0]]
LogConfig: Setting CVar [[s.LevelStreamingActorsUpdateTimeLimit:5.0]]
LogConfig: Setting CVar [[s.PriorityLevelStreamingActorsUpdateExtraTime:5.0]]
LogConfig: Setting CVar [[s.LevelStreamingComponentsRegistrationGranularity:10]]
LogConfig: Setting CVar [[s.UnregisterComponentsTimeLimit:1.0]]
LogConfig: Setting CVar [[s.LevelStreamingComponentsUnregistrationGranularity:5]]
LogConfig: Setting CVar [[s.FlushStreamingOnExit:1]]
LogInit: Object subsystem initialized
LogConfig: Setting CVar [[con.DebugEarlyDefault:1]]
LogConfig: Setting CVar [[r.setres:1280x720]]
[2022.03.19-07.42.49:332][  0]LogConfig: Setting CVar [[r.VSync:0]]
[2022.03.19-07.42.49:332][  0]LogConfig: Setting CVar [[r.RHICmdBypass:0]]
[2022.03.19-07.42.49:332][  0]LogConfig: Applying CVar settings from Section [/Script/Engine.RendererSettings] File [D:/git/march_marathon_22/TheUnnamed/Saved/Config/Windows/Engine.ini]
[2022.03.19-07.42.49:332][  0]LogConfig: Setting CVar [[r.GPUCrashDebugging:0]]
[2022.03.19-07.42.49:332][  0]LogConfig: Applying CVar settings from Section [/Script/Engine.RendererOverrideSettings] File [D:/git/march_marathon_22/TheUnnamed/Saved/Config/Windows/Engine.ini]
[2022.03.19-07.42.49:332][  0]LogConfig: Applying CVar settings from Section [/Script/Engine.StreamingSettings] File [D:/git/march_marathon_22/TheUnnamed/Saved/Config/Windows/Engine.ini]
[2022.03.19-07.42.49:332][  0]LogConfig: Setting CVar [[s.MinBulkDataSizeForAsyncLoading:131072]]
[2022.03.19-07.42.49:332][  0]LogConfig: Setting CVar [[s.AsyncLoadingThreadEnabled:0]]
[2022.03.19-07.42.49:332][  0]LogConfig: Setting CVar [[s.EventDrivenLoaderEnabled:1]]
[2022.03.19-07.42.49:332][  0]LogConfig: Setting CVar [[s.WarnIfTimeLimitExceeded:0]]
[2022.03.19-07.42.49:332][  0]LogConfig: Setting CVar [[s.TimeLimitExceededMultiplier:1.5]]
[2022.03.19-07.42.49:332][  0]LogConfig: Setting CVar [[s.TimeLimitExceededMinTime:0.005]]
[2022.03.19-07.42.49:332][  0]LogConfig: Setting CVar [[s.UseBackgroundLevelStreaming:1]]
[2022.03.19-07.42.49:332][  0]LogConfig: Setting CVar [[s.PriorityAsyncLoadingExtraTime:15.0]]
[2022.03.19-07.42.49:332][  0]LogConfig: Setting CVar [[s.LevelStreamingActorsUpdateTimeLimit:5.0]]
[2022.03.19-07.42.49:332][  0]LogConfig: Setting CVar [[s.PriorityLevelStreamingActorsUpdateExtraTime:5.0]]
[2022.03.19-07.42.49:332][  0]LogConfig: Setting CVar [[s.LevelStreamingComponentsRegistrationGranularity:10]]
[2022.03.19-07.42.49:333][  0]LogConfig: Setting CVar [[s.UnregisterComponentsTimeLimit:1.0]]
[2022.03.19-07.42.49:333][  0]LogConfig: Setting CVar [[s.LevelStreamingComponentsUnregistrationGranularity:5]]
[2022.03.19-07.42.49:333][  0]LogConfig: Setting CVar [[s.FlushStreamingOnExit:1]]
[2022.03.19-07.42.49:333][  0]LogConfig: Applying CVar settings from Section [/Script/Engine.GarbageCollectionSettings] File [D:/git/march_marathon_22/TheUnnamed/Saved/Config/Windows/Engine.ini]
[2022.03.19-07.42.49:333][  0]LogConfig: Setting CVar [[gc.MaxObjectsNotConsideredByGC:1]]
[2022.03.19-07.42.49:333][  0]LogConfig: Setting CVar [[gc.SizeOfPermanentObjectPool:0]]
[2022.03.19-07.42.49:333][  0]LogConfig: Setting CVar [[gc.FlushStreamingOnGC:0]]
[2022.03.19-07.42.49:333][  0]LogConfig: Setting CVar [[gc.NumRetriesBeforeForcingGC:10]]
[2022.03.19-07.42.49:333][  0]LogConfig: Setting CVar [[gc.AllowParallelGC:1]]
[2022.03.19-07.42.49:333][  0]LogConfig: Setting CVar [[gc.TimeBetweenPurgingPendingKillObjects:61.1]]
[2022.03.19-07.42.49:333][  0]LogConfig: Setting CVar [[gc.MaxObjectsInEditor:25165824]]
[2022.03.19-07.42.49:333][  0]LogConfig: Setting CVar [[gc.IncrementalBeginDestroyEnabled:1]]
[2022.03.19-07.42.49:333][  0]LogConfig: Setting CVar [[gc.CreateGCClusters:1]]
[2022.03.19-07.42.49:333][  0]LogConfig: Setting CVar [[gc.MinGCClusterSize:5]]
[2022.03.19-07.42.49:333][  0]LogConfig: Setting CVar [[gc.ActorClusteringEnabled:0]]
[2022.03.19-07.42.49:333][  0]LogConfig: Setting CVar [[gc.BlueprintClusteringEnabled:0]]
[2022.03.19-07.42.49:333][  0]LogConfig: Setting CVar [[gc.UseDisregardForGCOnDedicatedServers:0]]
[2022.03.19-07.42.49:333][  0]LogConfig: Setting CVar [[gc.MultithreadedDestructionEnabled:1]]
[2022.03.19-07.42.49:333][  0]LogConfig: Applying CVar settings from Section [/Script/Engine.NetworkSettings] File [D:/git/march_marathon_22/TheUnnamed/Saved/Config/Windows/Engine.ini]
[2022.03.19-07.42.49:333][  0]LogConfig: Applying CVar settings from Section [/Script/UnrealEd.CookerSettings] File [D:/git/march_marathon_22/TheUnnamed/Saved/Config/Windows/Engine.ini]
[2022.03.19-07.42.49:349][  0]LogConfig: Applying CVar settings from Section [ViewDistanceQuality@3] File [D:/git/march_marathon_22/TheUnnamed/Saved/Config/Windows/Scalability.ini]
[2022.03.19-07.42.49:349][  0]LogConfig: Setting CVar [[r.SkeletalMeshLODBias:0]]
[2022.03.19-07.42.49:349][  0]LogConfig: Setting CVar [[r.ViewDistanceScale:1.0]]
[2022.03.19-07.42.49:349][  0]LogConfig: Applying CVar settings from Section [AntiAliasingQuality@3] File [D:/git/march_marathon_22/TheUnnamed/Saved/Config/Windows/Scalability.ini]
[2022.03.19-07.42.49:350][  0]LogConfig: Setting CVar [[r.PostProcessAAQuality:4]]
[2022.03.19-07.42.49:350][  0]LogConfig: Applying CVar settings from Section [ShadowQuality@3] File [D:/git/march_marathon_22/TheUnnamed/Saved/Config/Windows/Scalability.ini]
[2022.03.19-07.42.49:350][  0]LogConfig: Setting CVar [[r.LightFunctionQuality:1]]
[2022.03.19-07.42.49:350][  0]LogConfig: Setting CVar [[r.ShadowQuality:5]]
[2022.03.19-07.42.49:350][  0]LogConfig: Setting CVar [[r.Shadow.CSM.MaxCascades:10]]
[2022.03.19-07.42.49:350][  0]LogConfig: Setting CVar [[r.Shadow.MaxResolution:2048]]
[2022.03.19-07.42.49:350][  0]LogConfig: Setting CVar [[r.Shadow.MaxCSMResolution:2048]]
[2022.03.19-07.42.49:350][  0]LogConfig: Setting CVar [[r.Shadow.RadiusThreshold:0.01]]
[2022.03.19-07.42.49:350][  0]LogConfig: Setting CVar [[r.Shadow.DistanceScale:1.0]]
[2022.03.19-07.42.49:350][  0]LogConfig: Setting CVar [[r.Shadow.CSM.TransitionScale:1.0]]
[2022.03.19-07.42.49:350][  0]LogConfig: Setting CVar [[r.Shadow.PreShadowResolutionFactor:1.0]]
[2022.03.19-07.42.49:350][  0]LogConfig: Setting CVar [[r.DistanceFieldShadowing:1]]
[2022.03.19-07.42.49:350][  0]LogConfig: Setting CVar [[r.DistanceFieldAO:1]]
[2022.03.19-07.42.49:350][  0]LogConfig: Setting CVar [[r.AOQuality:2]]
[2022.03.19-07.42.49:350][  0]LogConfig: Setting CVar [[r.VolumetricFog:1]]
[2022.03.19-07.42.49:350][  0]LogConfig: Setting CVar [[r.VolumetricFog.GridPixelSize:8]]
[2022.03.19-07.42.49:350][  0]LogConfig: Setting CVar [[r.VolumetricFog.GridSizeZ:128]]
[2022.03.19-07.42.49:350][  0]LogConfig: Setting CVar [[r.VolumetricFog.HistoryMissSupersampleCount:4]]
[2022.03.19-07.42.49:350][  0]LogConfig: Setting CVar [[r.LightMaxDrawDistanceScale:1]]
[2022.03.19-07.42.49:350][  0]LogConfig: Setting CVar [[r.CapsuleShadows:1]]
[2022.03.19-07.42.49:350][  0]LogConfig: Applying CVar settings from Section [PostProcessQuality@3] File [D:/git/march_marathon_22/TheUnnamed/Saved/Config/Windows/Scalability.ini]
[2022.03.19-07.42.49:350][  0]LogConfig: Setting CVar [[r.MotionBlurQuality:4]]
[2022.03.19-07.42.49:350][  0]LogConfig: Setting CVar [[r.AmbientOcclusionMipLevelFactor:0.4]]
[2022.03.19-07.42.49:350][  0]LogConfig: Setting CVar [[r.AmbientOcclusionMaxQuality:100]]
[2022.03.19-07.42.49:351][  0]LogConfig: Setting CVar [[r.AmbientOcclusionLevels:-1]]
[2022.03.19-07.42.49:351][  0]LogConfig: Setting CVar [[r.AmbientOcclusionRadiusScale:1.0]]
[2022.03.19-07.42.49:351][  0]LogConfig: Setting CVar [[r.DepthOfFieldQuality:2]]
[2022.03.19-07.42.49:351][  0]LogConfig: Setting CVar [[r.RenderTargetPoolMin:400]]
[2022.03.19-07.42.49:351][  0]LogConfig: Setting CVar [[r.LensFlareQuality:2]]
[2022.03.19-07.42.49:351][  0]LogConfig: Setting CVar [[r.SceneColorFringeQuality:1]]
[2022.03.19-07.42.49:351][  0]LogConfig: Setting CVar [[r.EyeAdaptationQuality:2]]
[2022.03.19-07.42.49:351][  0]LogConfig: Setting CVar [[r.BloomQuality:5]]
[2022.03.19-07.42.49:351][  0]LogConfig: Setting CVar [[r.FastBlurThreshold:100]]
[2022.03.19-07.42.49:351][  0]LogConfig: Setting CVar [[r.Upscale.Quality:3]]
[2022.03.19-07.42.49:351][  0]LogConfig: Setting CVar [[r.Tonemapper.GrainQuantization:1]]
[2022.03.19-07.42.49:351][  0]LogConfig: Setting CVar [[r.LightShaftQuality:1]]
[2022.03.19-07.42.49:351][  0]LogConfig: Setting CVar [[r.Filter.SizeScale:1]]
[2022.03.19-07.42.49:351][  0]LogConfig: Setting CVar [[r.Tonemapper.Quality:5]]
[2022.03.19-07.42.49:351][  0]LogConfig: Setting CVar [[r.DOF.Gather.AccumulatorQuality:1        ; higher gathering accumulator quality]]
[2022.03.19-07.42.49:351][  0]LogConfig: Setting CVar [[r.DOF.Gather.PostfilterMethod:1          ; Median3x3 postfilering method]]
[2022.03.19-07.42.49:351][  0]LogConfig: Setting CVar [[r.DOF.Gather.EnableBokehSettings:0       ; no bokeh simulation when gathering]]
[2022.03.19-07.42.49:351][  0]LogConfig: Setting CVar [[r.DOF.Gather.RingCount:4                 ; medium number of samples when gathering]]
[2022.03.19-07.42.49:351][  0]LogConfig: Setting CVar [[r.DOF.Scatter.ForegroundCompositing:1    ; additive foreground scattering]]
[2022.03.19-07.42.49:351][  0]LogConfig: Setting CVar [[r.DOF.Scatter.BackgroundCompositing:2    ; additive background scattering]]
[2022.03.19-07.42.49:351][  0]LogConfig: Setting CVar [[r.DOF.Scatter.EnableBokehSettings:1      ; bokeh simulation when scattering]]
[2022.03.19-07.42.49:351][  0]LogConfig: Setting CVar [[r.DOF.Scatter.MaxSpriteRatio:0.1         ; only a maximum of 10% of scattered bokeh]]
[2022.03.19-07.42.49:351][  0]LogConfig: Setting CVar [[r.DOF.Recombine.Quality:1                ; cheap slight out of focus]]
[2022.03.19-07.42.49:351][  0]LogConfig: Setting CVar [[r.DOF.Recombine.EnableBokehSettings:0    ; no bokeh simulation on slight out of focus]]
[2022.03.19-07.42.49:351][  0]LogConfig: Setting CVar [[r.DOF.TemporalAAQuality:1                ; more stable temporal accumulation]]
[2022.03.19-07.42.49:351][  0]LogConfig: Setting CVar [[r.DOF.Kernel.MaxForegroundRadius:0.025]]
[2022.03.19-07.42.49:351][  0]LogConfig: Setting CVar [[r.DOF.Kernel.MaxBackgroundRadius:0.025]]
[2022.03.19-07.42.49:352][  0]LogConfig: Applying CVar settings from Section [TextureQuality@3] File [D:/git/march_marathon_22/TheUnnamed/Saved/Config/Windows/Scalability.ini]
[2022.03.19-07.42.49:352][  0]LogConfig: Setting CVar [[r.Streaming.MipBias:0]]
[2022.03.19-07.42.49:352][  0]LogConfig: Setting CVar [[r.Streaming.AmortizeCPUToGPUCopy:0]]
[2022.03.19-07.42.49:352][  0]LogConfig: Setting CVar [[r.Streaming.MaxNumTexturesToStreamPerFrame:0]]
[2022.03.19-07.42.49:352][  0]LogConfig: Setting CVar [[r.Streaming.Boost:1]]
[2022.03.19-07.42.49:352][  0]LogConfig: Setting CVar [[r.MaxAnisotropy:8]]
[2022.03.19-07.42.49:352][  0]LogConfig: Setting CVar [[r.VT.MaxAnisotropy:8]]
[2022.03.19-07.42.49:352][  0]LogConfig: Setting CVar [[r.Streaming.LimitPoolSizeToVRAM:0]]
[2022.03.19-07.42.49:352][  0]LogConfig: Setting CVar [[r.Streaming.PoolSize:1000]]
[2022.03.19-07.42.49:352][  0]LogConfig: Setting CVar [[r.Streaming.MaxEffectiveScreenSize:0]]
[2022.03.19-07.42.49:352][  0]LogConfig: Applying CVar settings from Section [EffectsQuality@3] File [D:/git/march_marathon_22/TheUnnamed/Saved/Config/Windows/Scalability.ini]
[2022.03.19-07.42.49:352][  0]LogConfig: Setting CVar [[r.TranslucencyLightingVolumeDim:64]]
[2022.03.19-07.42.49:352][  0]LogConfig: Setting CVar [[r.RefractionQuality:2]]
[2022.03.19-07.42.49:352][  0]LogConfig: Setting CVar [[r.SSR.Quality:3]]
[2022.03.19-07.42.49:352][  0]LogConfig: Setting CVar [[r.SSR.HalfResSceneColor:0]]
[2022.03.19-07.42.49:352][  0]LogConfig: Setting CVar [[r.SceneColorFormat:4]]
[2022.03.19-07.42.49:352][  0]LogConfig: Setting CVar [[r.DetailMode:2]]
[2022.03.19-07.42.49:352][  0]LogConfig: Setting CVar [[r.TranslucencyVolumeBlur:1]]
[2022.03.19-07.42.49:352][  0]LogConfig: Setting CVar [[r.MaterialQualityLevel:1 ; High quality]]
[2022.03.19-07.42.49:352][  0]LogConfig: Setting CVar [[r.AnisotropicMaterials:1]]
[2022.03.19-07.42.49:352][  0]LogConfig: Setting CVar [[r.SSS.Scale:1]]
[2022.03.19-07.42.49:352][  0]LogConfig: Setting CVar [[r.SSS.SampleSet:2]]
[2022.03.19-07.42.49:352][  0]LogConfig: Setting CVar [[r.SSS.Quality:1]]
[2022.03.19-07.42.49:352][  0]LogConfig: Setting CVar [[r.SSS.HalfRes:0]]
[2022.03.19-07.42.49:352][  0]LogConfig: Setting CVar [[r.SSGI.Quality:3]]
[2022.03.19-07.42.49:352][  0]LogConfig: Setting CVar [[r.EmitterSpawnRateScale:1.0]]
[2022.03.19-07.42.49:352][  0]LogConfig: Setting CVar [[r.ParticleLightQuality:2]]
[2022.03.19-07.42.49:352][  0]LogConfig: Setting CVar [[r.SkyAtmosphere.AerialPerspectiveLUT.FastApplyOnOpaque:1 ; Always have FastSkyLUT 1 in this case to avoid wrong sky]]
[2022.03.19-07.42.49:353][  0]LogConfig: Setting CVar [[r.SkyAtmosphere.AerialPerspectiveLUT.SampleCountMaxPerSlice:4]]
[2022.03.19-07.42.49:353][  0]LogConfig: Setting CVar [[r.SkyAtmosphere.AerialPerspectiveLUT.DepthResolution:16.0]]
[2022.03.19-07.42.49:353][  0]LogConfig: Setting CVar [[r.SkyAtmosphere.FastSkyLUT:1]]
[2022.03.19-07.42.49:353][  0]LogConfig: Setting CVar [[r.SkyAtmosphere.FastSkyLUT.SampleCountMin:4.0]]
[2022.03.19-07.42.49:353][  0]LogConfig: Setting CVar [[r.SkyAtmosphere.FastSkyLUT.SampleCountMax:128.0]]
[2022.03.19-07.42.49:353][  0]LogConfig: Setting CVar [[r.SkyAtmosphere.SampleCountMin:4.0]]
[2022.03.19-07.42.49:353][  0]LogConfig: Setting CVar [[r.SkyAtmosphere.SampleCountMax:128.0]]
[2022.03.19-07.42.49:353][  0]LogConfig: Setting CVar [[r.SkyAtmosphere.TransmittanceLUT.UseSmallFormat:0]]
[2022.03.19-07.42.49:353][  0]LogConfig: Setting CVar [[r.SkyAtmosphere.TransmittanceLUT.SampleCount:10.0]]
[2022.03.19-07.42.49:353][  0]LogConfig: Setting CVar [[r.SkyAtmosphere.MultiScatteringLUT.SampleCount:15.0]]
[2022.03.19-07.42.49:353][  0]LogConfig: Setting CVar [[r.SkyLight.RealTimeReflectionCapture:1]]
[2022.03.19-07.42.49:353][  0]LogConfig: Applying CVar settings from Section [FoliageQuality@3] File [D:/git/march_marathon_22/TheUnnamed/Saved/Config/Windows/Scalability.ini]
[2022.03.19-07.42.49:353][  0]LogConfig: Setting CVar [[foliage.DensityScale:1.0]]
[2022.03.19-07.42.49:353][  0]LogConfig: Setting CVar [[grass.DensityScale:1.0]]
[2022.03.19-07.42.49:353][  0]LogConfig: Applying CVar settings from Section [ShadingQuality@3] File [D:/git/march_marathon_22/TheUnnamed/Saved/Config/Windows/Scalability.ini]
[2022.03.19-07.42.49:353][  0]LogConfig: Setting CVar [[r.HairStrands.SkyLighting.IntegrationType:2]]
[2022.03.19-07.42.49:353][  0]LogConfig: Setting CVar [[r.HairStrands.SkyAO.SampleCount:4]]
[2022.03.19-07.42.49:353][  0]LogConfig: Setting CVar [[r.HairStrands.Visibility.MSAA.SamplePerPixel:4]]
[2022.03.19-07.42.49:353][  0]LogInit: Selected Device Profile: [Windows]
[2022.03.19-07.42.49:353][  0]LogInit: Applying CVar settings loaded from the selected device profile: [Windows]
[2022.03.19-07.42.49:353][  0]LogHAL: Display: Platform has ~ 8 GB [7648825344 / 8589934592 / 8], which maps to Default [LargestMinGB=32, LargerMinGB=12, DefaultMinGB=8, SmallerMinGB=6, SmallestMinGB=0)
[2022.03.19-07.42.49:353][  0]LogInit: Going up to parent DeviceProfile []
[2022.03.19-07.42.49:354][  0]LogConfig: Applying CVar settings from Section [ViewDistanceQuality@3] File [D:/git/march_marathon_22/TheUnnamed/Saved/Config/Windows/Scalability.ini]
[2022.03.19-07.42.49:354][  0]LogConfig: Setting CVar [[r.SkeletalMeshLODBias:0]]
[2022.03.19-07.42.49:354][  0]LogConfig: Setting CVar [[r.ViewDistanceScale:1.0]]
[2022.03.19-07.42.49:354][  0]LogConfig: Applying CVar settings from Section [AntiAliasingQuality@3] File [D:/git/march_marathon_22/TheUnnamed/Saved/Config/Windows/Scalability.ini]
[2022.03.19-07.42.49:354][  0]LogConfig: Setting CVar [[r.PostProcessAAQuality:4]]
[2022.03.19-07.42.49:354][  0]LogConfig: Applying CVar settings from Section [ShadowQuality@3] File [D:/git/march_marathon_22/TheUnnamed/Saved/Config/Windows/Scalability.ini]
[2022.03.19-07.42.49:354][  0]LogConfig: Setting CVar [[r.LightFunctionQuality:1]]
[2022.03.19-07.42.49:354][  0]LogConfig: Setting CVar [[r.ShadowQuality:5]]
[2022.03.19-07.42.49:354][  0]LogConfig: Setting CVar [[r.Shadow.CSM.MaxCascades:10]]
[2022.03.19-07.42.49:354][  0]LogConfig: Setting CVar [[r.Shadow.MaxResolution:2048]]
[2022.03.19-07.42.49:354][  0]LogConfig: Setting CVar [[r.Shadow.MaxCSMResolution:2048]]
[2022.03.19-07.42.49:354][  0]LogConfig: Setting CVar [[r.Shadow.RadiusThreshold:0.01]]
[2022.03.19-07.42.49:354][  0]LogConfig: Setting CVar [[r.Shadow.DistanceScale:1.0]]
[2022.03.19-07.42.49:354][  0]LogConfig: Setting CVar [[r.Shadow.CSM.TransitionScale:1.0]]
[2022.03.19-07.42.49:354][  0]LogConfig: Setting CVar [[r.Shadow.PreShadowResolutionFactor:1.0]]
[2022.03.19-07.42.49:354][  0]LogConfig: Setting CVar [[r.DistanceFieldShadowing:1]]
[2022.03.19-07.42.49:354][  0]LogConfig: Setting CVar [[r.DistanceFieldAO:1]]
[2022.03.19-07.42.49:354][  0]LogConfig: Setting CVar [[r.AOQuality:2]]
[2022.03.19-07.42.49:354][  0]LogConfig: Setting CVar [[r.VolumetricFog:1]]
[2022.03.19-07.42.49:354][  0]LogConfig: Setting CVar [[r.VolumetricFog.GridPixelSize:8]]
[2022.03.19-07.42.49:354][  0]LogConfig: Setting CVar [[r.VolumetricFog.GridSizeZ:128]]
[2022.03.19-07.42.49:354][  0]LogConfig: Setting CVar [[r.VolumetricFog.HistoryMissSupersampleCount:4]]
[2022.03.19-07.42.49:354][  0]LogConfig: Setting CVar [[r.LightMaxDrawDistanceScale:1]]
[2022.03.19-07.42.49:354][  0]LogConfig: Setting CVar [[r.CapsuleShadows:1]]
[2022.03.19-07.42.49:354][  0]LogConfig: Applying CVar settings from Section [PostProcessQuality@3] File [D:/git/march_marathon_22/TheUnnamed/Saved/Config/Windows/Scalability.ini]
[2022.03.19-07.42.49:354][  0]LogConfig: Setting CVar [[r.MotionBlurQuality:4]]
[2022.03.19-07.42.49:354][  0]LogConfig: Setting CVar [[r.AmbientOcclusionMipLevelFactor:0.4]]
[2022.03.19-07.42.49:355][  0]LogConfig: Setting CVar [[r.AmbientOcclusionMaxQuality:100]]
[2022.03.19-07.42.49:355][  0]LogConfig: Setting CVar [[r.AmbientOcclusionLevels:-1]]
[2022.03.19-07.42.49:355][  0]LogConfig: Setting CVar [[r.AmbientOcclusionRadiusScale:1.0]]
[2022.03.19-07.42.49:355][  0]LogConfig: Setting CVar [[r.DepthOfFieldQuality:2]]
[2022.03.19-07.42.49:355][  0]LogConfig: Setting CVar [[r.RenderTargetPoolMin:400]]
[2022.03.19-07.42.49:355][  0]LogConfig: Setting CVar [[r.LensFlareQuality:2]]
[2022.03.19-07.42.49:355][  0]LogConfig: Setting CVar [[r.SceneColorFringeQuality:1]]
[2022.03.19-07.42.49:355][  0]LogConfig: Setting CVar [[r.EyeAdaptationQuality:2]]
[2022.03.19-07.42.49:355][  0]LogConfig: Setting CVar [[r.BloomQuality:5]]
[2022.03.19-07.42.49:355][  0]LogConfig: Setting CVar [[r.FastBlurThreshold:100]]
[2022.03.19-07.42.49:355][  0]LogConfig: Setting CVar [[r.Upscale.Quality:3]]
[2022.03.19-07.42.49:355][  0]LogConfig: Setting CVar [[r.Tonemapper.GrainQuantization:1]]
[2022.03.19-07.42.49:355][  0]LogConfig: Setting CVar [[r.LightShaftQuality:1]]
[2022.03.19-07.42.49:355][  0]LogConfig: Setting CVar [[r.Filter.SizeScale:1]]
[2022.03.19-07.42.49:355][  0]LogConfig: Setting CVar [[r.Tonemapper.Quality:5]]
[2022.03.19-07.42.49:355][  0]LogConfig: Setting CVar [[r.DOF.Gather.AccumulatorQuality:1        ; higher gathering accumulator quality]]
[2022.03.19-07.42.49:355][  0]LogConfig: Setting CVar [[r.DOF.Gather.PostfilterMethod:1          ; Median3x3 postfilering method]]
[2022.03.19-07.42.49:355][  0]LogConfig: Setting CVar [[r.DOF.Gather.EnableBokehSettings:0       ; no bokeh simulation when gathering]]
[2022.03.19-07.42.49:355][  0]LogConfig: Setting CVar [[r.DOF.Gather.RingCount:4                 ; medium number of samples when gathering]]
[2022.03.19-07.42.49:355][  0]LogConfig: Setting CVar [[r.DOF.Scatter.ForegroundCompositing:1    ; additive foreground scattering]]
[2022.03.19-07.42.49:355][  0]LogConfig: Setting CVar [[r.DOF.Scatter.BackgroundCompositing:2    ; additive background scattering]]
[2022.03.19-07.42.49:355][  0]LogConfig: Setting CVar [[r.DOF.Scatter.EnableBokehSettings:1      ; bokeh simulation when scattering]]
[2022.03.19-07.42.49:355][  0]LogConfig: Setting CVar [[r.DOF.Scatter.MaxSpriteRatio:0.1         ; only a maximum of 10% of scattered bokeh]]
[2022.03.19-07.42.49:355][  0]LogConfig: Setting CVar [[r.DOF.Recombine.Quality:1                ; cheap slight out of focus]]
[2022.03.19-07.42.49:355][  0]LogConfig: Setting CVar [[r.DOF.Recombine.EnableBokehSettings:0    ; no bokeh simulation on slight out of focus]]
[2022.03.19-07.42.49:355][  0]LogConfig: Setting CVar [[r.DOF.TemporalAAQuality:1                ; more stable temporal accumulation]]
[2022.03.19-07.42.49:355][  0]LogConfig: Setting CVar [[r.DOF.Kernel.MaxForegroundRadius:0.025]]
[2022.03.19-07.42.49:356][  0]LogConfig: Setting CVar [[r.DOF.Kernel.MaxBackgroundRadius:0.025]]
[2022.03.19-07.42.49:356][  0]LogConfig: Applying CVar settings from Section [TextureQuality@3] File [D:/git/march_marathon_22/TheUnnamed/Saved/Config/Windows/Scalability.ini]
[2022.03.19-07.42.49:356][  0]LogConfig: Setting CVar [[r.Streaming.MipBias:0]]
[2022.03.19-07.42.49:356][  0]LogConfig: Setting CVar [[r.Streaming.AmortizeCPUToGPUCopy:0]]
[2022.03.19-07.42.49:356][  0]LogConfig: Setting CVar [[r.Streaming.MaxNumTexturesToStreamPerFrame:0]]
[2022.03.19-07.42.49:356][  0]LogConfig: Setting CVar [[r.Streaming.Boost:1]]
[2022.03.19-07.42.49:356][  0]LogConfig: Setting CVar [[r.MaxAnisotropy:8]]
[2022.03.19-07.42.49:356][  0]LogConfig: Setting CVar [[r.VT.MaxAnisotropy:8]]
[2022.03.19-07.42.49:356][  0]LogConfig: Setting CVar [[r.Streaming.LimitPoolSizeToVRAM:0]]
[2022.03.19-07.42.49:356][  0]LogConfig: Setting CVar [[r.Streaming.PoolSize:1000]]
[2022.03.19-07.42.49:356][  0]LogConfig: Setting CVar [[r.Streaming.MaxEffectiveScreenSize:0]]
[2022.03.19-07.42.49:356][  0]LogConfig: Applying CVar settings from Section [EffectsQuality@3] File [D:/git/march_marathon_22/TheUnnamed/Saved/Config/Windows/Scalability.ini]
[2022.03.19-07.42.49:356][  0]LogConfig: Setting CVar [[r.TranslucencyLightingVolumeDim:64]]
[2022.03.19-07.42.49:356][  0]LogConfig: Setting CVar [[r.RefractionQuality:2]]
[2022.03.19-07.42.49:356][  0]LogConfig: Setting CVar [[r.SSR.Quality:3]]
[2022.03.19-07.42.49:356][  0]LogConfig: Setting CVar [[r.SSR.HalfResSceneColor:0]]
[2022.03.19-07.42.49:356][  0]LogConfig: Setting CVar [[r.SceneColorFormat:4]]
[2022.03.19-07.42.49:356][  0]LogConfig: Setting CVar [[r.DetailMode:2]]
[2022.03.19-07.42.49:356][  0]LogConfig: Setting CVar [[r.TranslucencyVolumeBlur:1]]
[2022.03.19-07.42.49:356][  0]LogConfig: Setting CVar [[r.MaterialQualityLevel:1 ; High quality]]
[2022.03.19-07.42.49:356][  0]LogConfig: Setting CVar [[r.AnisotropicMaterials:1]]
[2022.03.19-07.42.49:356][  0]LogConfig: Setting CVar [[r.SSS.Scale:1]]
[2022.03.19-07.42.49:356][  0]LogConfig: Setting CVar [[r.SSS.SampleSet:2]]
[2022.03.19-07.42.49:356][  0]LogConfig: Setting CVar [[r.SSS.Quality:1]]
[2022.03.19-07.42.49:356][  0]LogConfig: Setting CVar [[r.SSS.HalfRes:0]]
[2022.03.19-07.42.49:356][  0]LogConfig: Setting CVar [[r.SSGI.Quality:3]]
[2022.03.19-07.42.49:356][  0]LogConfig: Setting CVar [[r.EmitterSpawnRateScale:1.0]]
[2022.03.19-07.42.49:356][  0]LogConfig: Setting CVar [[r.ParticleLightQuality:2]]
[2022.03.19-07.42.49:356][  0]LogConfig: Setting CVar [[r.SkyAtmosphere.AerialPerspectiveLUT.FastApplyOnOpaque:1 ; Always have FastSkyLUT 1 in this case to avoid wrong sky]]
[2022.03.19-07.42.49:357][  0]LogConfig: Setting CVar [[r.SkyAtmosphere.AerialPerspectiveLUT.SampleCountMaxPerSlice:4]]
[2022.03.19-07.42.49:357][  0]LogConfig: Setting CVar [[r.SkyAtmosphere.AerialPerspectiveLUT.DepthResolution:16.0]]
[2022.03.19-07.42.49:357][  0]LogConfig: Setting CVar [[r.SkyAtmosphere.FastSkyLUT:1]]
[2022.03.19-07.42.49:357][  0]LogConfig: Setting CVar [[r.SkyAtmosphere.FastSkyLUT.SampleCountMin:4.0]]
[2022.03.19-07.42.49:357][  0]LogConfig: Setting CVar [[r.SkyAtmosphere.FastSkyLUT.SampleCountMax:128.0]]
[2022.03.19-07.42.49:357][  0]LogConfig: Setting CVar [[r.SkyAtmosphere.SampleCountMin:4.0]]
[2022.03.19-07.42.49:357][  0]LogConfig: Setting CVar [[r.SkyAtmosphere.SampleCountMax:128.0]]
[2022.03.19-07.42.49:357][  0]LogConfig: Setting CVar [[r.SkyAtmosphere.TransmittanceLUT.UseSmallFormat:0]]
[2022.03.19-07.42.49:357][  0]LogConfig: Setting CVar [[r.SkyAtmosphere.TransmittanceLUT.SampleCount:10.0]]
[2022.03.19-07.42.49:357][  0]LogConfig: Setting CVar [[r.SkyAtmosphere.MultiScatteringLUT.SampleCount:15.0]]
[2022.03.19-07.42.49:357][  0]LogConfig: Setting CVar [[r.SkyLight.RealTimeReflectionCapture:1]]
[2022.03.19-07.42.49:357][  0]LogConfig: Applying CVar settings from Section [FoliageQuality@3] File [D:/git/march_marathon_22/TheUnnamed/Saved/Config/Windows/Scalability.ini]
[2022.03.19-07.42.49:357][  0]LogConfig: Setting CVar [[foliage.DensityScale:1.0]]
[2022.03.19-07.42.49:357][  0]LogConfig: Setting CVar [[grass.DensityScale:1.0]]
[2022.03.19-07.42.49:357][  0]LogConfig: Applying CVar settings from Section [ShadingQuality@3] File [D:/git/march_marathon_22/TheUnnamed/Saved/Config/Windows/Scalability.ini]
[2022.03.19-07.42.49:357][  0]LogConfig: Setting CVar [[r.HairStrands.SkyLighting.IntegrationType:2]]
[2022.03.19-07.42.49:357][  0]LogConfig: Setting CVar [[r.HairStrands.SkyAO.SampleCount:4]]
[2022.03.19-07.42.49:357][  0]LogConfig: Setting CVar [[r.HairStrands.Visibility.MSAA.SamplePerPixel:4]]
[2022.03.19-07.42.49:357][  0]LogConfig: Applying CVar settings from Section [Startup] File [../../../Engine/Config/ConsoleVariables.ini]
[2022.03.19-07.42.49:358][  0]LogConfig: Setting CVar [[net.UseAdaptiveNetUpdateFrequency:0]]
[2022.03.19-07.42.49:358][  0]LogConfig: Setting CVar [[p.chaos.AllowCreatePhysxBodies:1]]
[2022.03.19-07.42.49:358][  0]LogConfig: Setting CVar [[fx.SkipVectorVMBackendOptimizations:1]]
[2022.03.19-07.42.49:358][  0]LogConfig: Applying CVar settings from Section [ConsoleVariables] File [D:/git/march_marathon_22/TheUnnamed/Saved/Config/Windows/Engine.ini]
[2022.03.19-07.42.49:358][  0]LogConfig: Applying CVar settings from Section [ConsoleVariables] File [D:/git/march_marathon_22/TheUnnamed/Saved/Config/Windows/Editor.ini]
[2022.03.19-07.42.49:358][  0]LogInit: Computer: DESKTOP-7DLT2C2
[2022.03.19-07.42.49:358][  0]LogInit: User: gomyn
[2022.03.19-07.42.49:358][  0]LogInit: CPU Page size=4096, Cores=4
[2022.03.19-07.42.49:358][  0]LogInit: High frequency timer resolution =10.000000 MHz
[2022.03.19-07.42.49:359][  0]LogMemory: Memory total: Physical=7.1GB (8GB approx)
[2022.03.19-07.42.49:359][  0]LogMemory: Platform Memory Stats for Windows
[2022.03.19-07.42.49:359][  0]LogMemory: Process Physical Memory: 145.95 MB used, 145.95 MB peak
[2022.03.19-07.42.49:359][  0]LogMemory: Process Virtual Memory: 127.00 MB used, 127.00 MB peak
[2022.03.19-07.42.49:359][  0]LogMemory: Physical Memory: 4832.16 MB used,  2462.33 MB free, 7294.49 MB total
[2022.03.19-07.42.49:359][  0]LogMemory: Virtual Memory: 134213968.00 MB used,  3757.81 MB free, 134217728.00 MB total
[2022.03.19-07.42.49:373][  0]LogWindows: WindowsPlatformFeatures enabled
[2022.03.19-07.42.49:552][  0]LogInit: Physics initialised using underlying interface: PhysX
[2022.03.19-07.42.49:555][  0]LogInit: Using OS detected language (ru-RU).
[2022.03.19-07.42.49:555][  0]LogInit: Using OS detected locale (ru-RU).
[2022.03.19-07.42.49:562][  0]LogTextLocalizationManager: No specific localization for 'ru-RU' exists, so the 'ru' localization will be used.
[2022.03.19-07.42.49:562][  0]LogTextLocalizationResource: LocRes '../../../Engine/Content/Localization/Editor/ru/Editor.locres' could not be opened for reading!
[2022.03.19-07.42.49:563][  0]LogTextLocalizationResource: LocRes '../../../Engine/Content/Localization/EditorTutorials/ru/EditorTutorials.locres' could not be opened for reading!
[2022.03.19-07.42.49:563][  0]LogTextLocalizationResource: LocRes '../../../Engine/Content/Localization/Keywords/ru/Keywords.locres' could not be opened for reading!
[2022.03.19-07.42.49:563][  0]LogTextLocalizationResource: LocRes '../../../Engine/Content/Localization/Category/ru/Category.locres' could not be opened for reading!
[2022.03.19-07.42.49:563][  0]LogTextLocalizationResource: LocRes '../../../Engine/Content/Localization/ToolTips/ru/ToolTips.locres' could not be opened for reading!
[2022.03.19-07.42.49:564][  0]LogTextLocalizationResource: LocRes '../../../Engine/Content/Localization/PropertyNames/ru/PropertyNames.locres' could not be opened for reading!
[2022.03.19-07.42.49:564][  0]LogTextLocalizationResource: LocRes '../../../Engine/Content/Localization/Engine/ru/Engine.locres' could not be opened for reading!
[2022.03.19-07.42.49:566][  0]LogInit: Setting process to per monitor DPI aware
[2022.03.19-07.42.49:607][  0]LogWindowsTextInputMethodSystem: Display: IME system deactivated.
[2022.03.19-07.42.49:631][  0]LogSlate: New Slate User Created.  User Index 0, Is Virtual User: 0
[2022.03.19-07.42.49:631][  0]LogSlate: Slate User Registered.  User Index 0, Is Virtual User: 0
[2022.03.19-07.42.50:176][  0]LogD3D11RHI: Loaded GFSDK_Aftermath_Lib.x64.dll
[2022.03.19-07.42.50:181][  0]LogHMD: Failed to initialize OpenVR with code 110
[2022.03.19-07.42.50:181][  0]LogD3D11RHI: D3D11 min allowed feature level: 11_0
[2022.03.19-07.42.50:181][  0]LogD3D11RHI: D3D11 max allowed feature level: 11_0
[2022.03.19-07.42.50:181][  0]LogD3D11RHI: D3D11 adapters:
[2022.03.19-07.42.50:404][  0]LogD3D11RHI:    0. 'NVIDIA GeForce GTX 650 Ti' (Feature Level 11_0)
[2022.03.19-07.42.50:404][  0]LogD3D11RHI:       984/0/3647 MB DedicatedVideo/DedicatedSystem/SharedSystem, Outputs:1, VendorId:0x10de
[2022.03.19-07.42.50:411][  0]LogD3D11RHI:    1. 'Microsoft Basic Render Driver' (Feature Level 11_0)
[2022.03.19-07.42.50:411][  0]LogD3D11RHI:       0/0/3647 MB DedicatedVideo/DedicatedSystem/SharedSystem, Outputs:0, VendorId:0x1414
[2022.03.19-07.42.50:411][  0]LogD3D11RHI: Chosen D3D11 Adapter:
[2022.03.19-07.42.50:411][  0]LogD3D11RHI:     Description : NVIDIA GeForce GTX 650 Ti
[2022.03.19-07.42.50:411][  0]LogD3D11RHI:     VendorId    : 10de
[2022.03.19-07.42.50:411][  0]LogD3D11RHI:     DeviceId    : 11c6
[2022.03.19-07.42.50:411][  0]LogD3D11RHI:     SubSysId    : 101610de
[2022.03.19-07.42.50:411][  0]LogD3D11RHI:     Revision    : 00a1
[2022.03.19-07.42.50:411][  0]LogD3D11RHI:     DedicatedVideoMemory : 1032388608 bytes
[2022.03.19-07.42.50:411][  0]LogD3D11RHI:     DedicatedSystemMemory : 0 bytes
[2022.03.19-07.42.50:411][  0]LogD3D11RHI:     SharedSystemMemory : 3824412672 bytes
[2022.03.19-07.42.50:411][  0]LogD3D11RHI:     AdapterLuid : 0 34597
[2022.03.19-07.42.50:422][  0]LogD3D11RHI: Creating new Direct3DDevice
[2022.03.19-07.42.50:422][  0]LogD3D11RHI:     GPU DeviceId: 0x11c6 (for the marketing name, search the web for "GPU Device Id")
[2022.03.19-07.42.50:422][  0]LogWindows: EnumDisplayDevices:
[2022.03.19-07.42.50:423][  0]LogWindows:    0. 'NVIDIA GeForce GTX 650 Ti' (P:1 D:1)
[2022.03.19-07.42.50:423][  0]LogWindows:    1. 'NVIDIA GeForce GTX 650 Ti' (P:0 D:0)
[2022.03.19-07.42.50:424][  0]LogWindows:    2. 'NVIDIA GeForce GTX 650 Ti' (P:0 D:0)
[2022.03.19-07.42.50:424][  0]LogWindows: DebugString: FoundDriverCount:3 
[2022.03.19-07.42.50:424][  0]LogD3D11RHI:     Adapter Name: NVIDIA GeForce GTX 650 Ti
[2022.03.19-07.42.50:424][  0]LogD3D11RHI:   Driver Version: 472.12 (internal:30.0.14.7212, unified:472.12)
[2022.03.19-07.42.50:424][  0]LogD3D11RHI:      Driver Date: 9-13-2021
[2022.03.19-07.42.50:425][  0]LogRHI: Texture pool is 689 MB (70% of 984 MB)
[2022.03.19-07.42.50:425][  0]LogD3D11RHI: Creating D3DDevice using adapter:
[2022.03.19-07.42.50:425][  0]LogD3D11RHI:     Description : NVIDIA GeForce GTX 650 Ti
[2022.03.19-07.42.50:425][  0]LogD3D11RHI:     VendorId    : 10de
[2022.03.19-07.42.50:425][  0]LogD3D11RHI:     DeviceId    : 11c6
[2022.03.19-07.42.50:425][  0]LogD3D11RHI:     SubSysId    : 101610de
[2022.03.19-07.42.50:425][  0]LogD3D11RHI:     Revision    : 00a1
[2022.03.19-07.42.50:425][  0]LogD3D11RHI:     DedicatedVideoMemory : 1032388608 bytes
[2022.03.19-07.42.50:425][  0]LogD3D11RHI:     DedicatedSystemMemory : 0 bytes
[2022.03.19-07.42.50:425][  0]LogD3D11RHI:     SharedSystemMemory : 3824412672 bytes
[2022.03.19-07.42.50:425][  0]LogD3D11RHI:     AdapterLuid : 0 34597
[2022.03.19-07.42.50:615][  0]LogD3D11RHI: RHI does not have support for 64 bit atomics
[2022.03.19-07.42.50:615][  0]LogD3D11RHI: Async texture creation enabled
[2022.03.19-07.42.50:648][  0]LogD3D11RHI: GPU Timing Frequency: 1000.000000 (Debug: 2 1)
[2022.03.19-07.42.50:753][  0]LogRHI: GeForceNow SDK initialized: 1
[2022.03.19-07.42.51:555][  0]LogTargetPlatformManager: Display: Loaded TargetPlatform 'AllDesktop'
[2022.03.19-07.42.51:611][  0]LogTargetPlatformManager: Display: Loaded TargetPlatform 'Android'
[2022.03.19-07.42.51:611][  0]LogTargetPlatformManager: Display: Loaded TargetPlatform 'Android_ASTC'
[2022.03.19-07.42.51:611][  0]LogTargetPlatformManager: Display: Loaded TargetPlatform 'Android_DXT'
[2022.03.19-07.42.51:611][  0]LogTargetPlatformManager: Display: Loaded TargetPlatform 'Android_ETC2'
[2022.03.19-07.42.51:611][  0]LogTargetPlatformManager: Display: Loaded TargetPlatform 'AndroidClient'
[2022.03.19-07.42.51:611][  0]LogTargetPlatformManager: Display: Loaded TargetPlatform 'Android_ASTCClient'
[2022.03.19-07.42.51:611][  0]LogTargetPlatformManager: Display: Loaded TargetPlatform 'Android_DXTClient'
[2022.03.19-07.42.51:611][  0]LogTargetPlatformManager: Display: Loaded TargetPlatform 'Android_ETC2Client'
[2022.03.19-07.42.51:611][  0]LogTargetPlatformManager: Display: Loaded TargetPlatform 'Android_Multi'
[2022.03.19-07.42.51:611][  0]LogTargetPlatformManager: Display: Loaded TargetPlatform 'Android_MultiClient'
[2022.03.19-07.42.51:656][  0]LogTargetPlatformManager: Display: Loaded TargetPlatform 'IOSClient'
[2022.03.19-07.42.51:656][  0]LogTargetPlatformManager: Display: Loaded TargetPlatform 'IOS'
[2022.03.19-07.42.51:682][  0]LogTargetPlatformManager: Display: Loaded TargetPlatform 'Linux'
[2022.03.19-07.42.51:695][  0]LogTargetPlatformManager: Display: Loaded TargetPlatform 'LinuxNoEditor'
[2022.03.19-07.42.51:707][  0]LogTargetPlatformManager: Display: Loaded TargetPlatform 'LinuxClient'
[2022.03.19-07.42.51:720][  0]LogTargetPlatformManager: Display: Loaded TargetPlatform 'LinuxServer'
[2022.03.19-07.42.51:745][  0]LogTargetPlatformManager: Display: Loaded TargetPlatform 'LinuxAArch64NoEditor'
[2022.03.19-07.42.51:757][  0]LogTargetPlatformManager: Display: Loaded TargetPlatform 'LinuxAArch64Client'
[2022.03.19-07.42.51:768][  0]LogTargetPlatformManager: Display: Loaded TargetPlatform 'LinuxAArch64Server'
[2022.03.19-07.42.51:830][  0]LogTargetPlatformManager: Display: Loaded TargetPlatform 'Lumin'
[2022.03.19-07.42.51:830][  0]LogTargetPlatformManager: Display: Loaded TargetPlatform 'LuminClient'
[2022.03.19-07.42.51:851][  0]LogTargetPlatformManager: Display: Loaded TargetPlatform 'MacNoEditor'
[2022.03.19-07.42.51:863][  0]LogTargetPlatformManager: Display: Loaded TargetPlatform 'Mac'
[2022.03.19-07.42.51:875][  0]LogTargetPlatformManager: Display: Loaded TargetPlatform 'MacClient'
[2022.03.19-07.42.51:886][  0]LogTargetPlatformManager: Display: Loaded TargetPlatform 'MacServer'
[2022.03.19-07.42.51:911][  0]LogTargetPlatformManager: Display: Loaded TargetPlatform 'TVOSClient'
[2022.03.19-07.42.51:912][  0]LogTargetPlatformManager: Display: Loaded TargetPlatform 'TVOS'
[2022.03.19-07.42.51:935][  0]LogTargetPlatformManager: Display: Loaded TargetPlatform 'WindowsNoEditor'
[2022.03.19-07.42.51:947][  0]LogTargetPlatformManager: Display: Loaded TargetPlatform 'Windows'
[2022.03.19-07.42.51:958][  0]LogTargetPlatformManager: Display: Loaded TargetPlatform 'WindowsClient'
[2022.03.19-07.42.51:970][  0]LogTargetPlatformManager: Display: Loaded TargetPlatform 'WindowsServer'
[2022.03.19-07.42.51:970][  0]LogTargetPlatformManager: Display: Building Assets For Windows
[2022.03.19-07.42.51:989][  0]LogAudioDebug: Display: Lib vorbis DLL was dynamically loaded.
[2022.03.19-07.42.52:069][  0]LogTextureFormatOodle: Display: Oodle Texture 2.9.0 init RDO Off
[2022.03.19-07.42.52:151][  0]LogRendererCore: Ray tracing is disabled. Reason: r.RayTracing=0.
[2022.03.19-07.42.52:151][  0]LogShaderCompilers: Guid format shader working directory is -2 characters bigger than the processId version (../../../../../git/march_marathon_22/TheUnnamed/Intermediate/Shaders/WorkingDirectory/10732/).
[2022.03.19-07.42.52:152][  0]LogShaderCompilers: Cleaned the shader compiler working directory 'C:/Users/gomyn/AppData/Local/Temp/UnrealShaderWorkingDir/4B0C97F64BACC7A0331276B1FB8A9605/'.
[2022.03.19-07.42.52:152][  0]LogXGEController: Cannot use XGE Controller as Incredibuild is not installed on this machine.
[2022.03.19-07.42.52:152][  0]LogShaderCompilers: Cannot use XGE Shader Compiler as Incredibuild is not installed on this machine.
[2022.03.19-07.42.52:152][  0]LogShaderCompilers: Display: Using Local Shader Compiler.
[2022.03.19-07.42.56:055][  0]LogDerivedDataCache: Display: Max Cache Size: 512 MB
[2022.03.19-07.42.56:243][  0]LogDerivedDataCache: Loaded boot cache 0.19s 94MB C:/Users/gomyn/AppData/Local/UnrealEngine/4.27/DerivedDataCache/Boot.ddc.
[2022.03.19-07.42.56:243][  0]LogDerivedDataCache: Display: Loaded Boot cache: C:/Users/gomyn/AppData/Local/UnrealEngine/4.27/DerivedDataCache/Boot.ddc
[2022.03.19-07.42.56:261][  0]LogDerivedDataCache: FDerivedDataBackendGraph:  Pak pak cache file ../../../../../git/march_marathon_22/TheUnnamed/DerivedDataCache/DDC.ddp not found, will not use a pak cache.
[2022.03.19-07.42.56:261][  0]LogDerivedDataCache: Unable to find inner node Pak for hierarchical cache Hierarchy.
[2022.03.19-07.42.56:261][  0]LogDerivedDataCache: FDerivedDataBackendGraph:  CompressedPak pak cache file ../../../../../git/march_marathon_22/TheUnnamed/DerivedDataCache/Compressed.ddp not found, will not use a pak cache.
[2022.03.19-07.42.56:261][  0]LogDerivedDataCache: Unable to find inner node CompressedPak for hierarchical cache Hierarchy.
[2022.03.19-07.42.56:300][  0]LogDerivedDataCache: Display: Pak cache opened for reading ../../../Engine/DerivedDataCache/Compressed.ddp.
[2022.03.19-07.42.56:300][  0]LogDerivedDataCache: FDerivedDataBackendGraph:  EnterprisePak pak cache file ../../../Enterprise/DerivedDataCache/Compressed.ddp not found, will not use a pak cache.
[2022.03.19-07.42.56:300][  0]LogDerivedDataCache: Unable to find inner node EnterprisePak for hierarchical cache Hierarchy.
[2022.03.19-07.42.56:321][  0]LogDerivedDataCache: Speed tests for C:/Users/gomyn/AppData/Local/UnrealEngine/Common/DerivedDataCache took 0.02 seconds
[2022.03.19-07.42.56:321][  0]LogDerivedDataCache: Display: Performance to C:/Users/gomyn/AppData/Local/UnrealEngine/Common/DerivedDataCache: Latency=0.10ms. RandomReadSpeed=442.98MBs, RandomWriteSpeed=53.69MBs. Assigned SpeedClass 'Local'
[2022.03.19-07.42.56:325][  0]LogDerivedDataCache: Using Local data cache path C:/Users/gomyn/AppData/Local/UnrealEngine/Common/DerivedDataCache: Writable
[2022.03.19-07.42.56:325][  0]LogDerivedDataCache: Shared data cache path not found in *engine.ini, will not use an Shared cache.
[2022.03.19-07.42.56:325][  0]LogDerivedDataCache: Unable to find inner node Shared for hierarchical cache Hierarchy.
[2022.03.19-07.42.56:448][  0]LogSlate: Using FreeType 2.10.0
[2022.03.19-07.42.56:449][  0]LogSlate: SlateFontServices - WITH_FREETYPE: 1, WITH_HARFBUZZ: 1
[2022.03.19-07.42.56:522][  0]LogAssetRegistry: FAssetRegistry took 0.0075 seconds to start up
[2022.03.19-07.42.57:209][  0]LogInit: Selected Device Profile: [Windows]
[2022.03.19-07.42.57:209][  0]LogInit: Active device profile: [000001CB433A4B00][000001CB4457F8C0 49] Windows
[2022.03.19-07.42.57:209][  0]LogInit: Profiles: [000001CB433A4B00][000001CB4457F8C0 49] Windows, [000001CB43372200][000001CB44587A40 49] WindowsNoEditor, [000001CB433A5900][000001CB4458BBC0 49] WindowsServer, [000001CB43372F00][000001CB408F21C0 49] WindowsClient, [000001CB433A7C00][000001CB408F6340 49] IOS, [000001CB43370F00][000001CB36E484C0 49] iPadAir, [000001CB433A7E00][000001CB36E4C640 49] iPadAir2, [000001CB43314C00][000001CB36E50880 49] IPadPro, [000001CB43314D00][000001CB445828C0 49] iPadAir3, [000001CB43373C00][000001CB408AAA00 49] iPadAir4, [000001CB43317600][000001CB408AEB40 49] iPadMini2, [000001CB43373300][000001CB408B6CC0 49] iPadMini3, [000001CB43317800][000001CB408BAE40 49] iPadMini4, [000001CB43373900][000001CB408BEFC0 49] iPadMini5, [000001CB4331C600][000001CB36E55280 49] iPhone6, [000001CB4331C700][000001CB408C32C0 49] iPodTouch6, [000001CB433A6900][000001CB36E5D580 49] iPhone7, [000001CB433A6800][000001CB36E595C0 49] iPodTouch7, [000001CB4331C100][000001CB36E61740 49] iPhone5S, [000001CB43314700][000001CB36E658C0 49] iPhone6Plus, [000001CB4331E500][000001CB36E69A40 49] iPhone6S, [000001CB43315300][000001CB36E6DBC0 49] iPhone6SPlus, [000001CB4331FB00][000001CB36E701C0 49] iPhone7Plus, [000001CB43317500][000001CB408FA340 49] iPhoneSE, [000001CB433A6600][000001CB408FE4C0 49] iPhone8, [000001CB43314600][000001CB40902640 49] iPhone8Plus, [000001CB433A6200][000001CB409067C0 49] iPhoneX, [000001CB43317300][000001CB4090A940 49] iPhoneXS, [000001CB433A7400][000001CB408B2A80 49] iPhoneXSMax, [000001CB43316D00][000001CB4090EBC0 49] iPhoneXR, [000001CB433A4200][000001CB40912D00 49] iPhone11, [000001CB43315E00][000001CB4091AE80 49] iPhone11Pro, [000001CB433A6A00][000001CB4091F000 49] iPhone11ProMax, [000001CB43317700][000001CB40923180 49] iPhoneSE2, [000001CB433A4D00][000001CB40927300 49] iPhone12Mini, [000001CB43315F00][000001CB4092B480 49] iPhone12, [000001CB433A4700][000001CB4092F600 49] iPhone12Pro, [000001CB43315400][000001CB40933780 49] iPhone12ProMax, [000001CB433A4C00][000001CB40937900 49] iPadPro105, [000001CB43315700][000001CB4093BA80 49] iPadPro129, [000001CB433A4100][000001CB4093FC00 49] iPadPro97, [000001CB43317C00][000001CB409C6200 49] iPadPro2_129, [000001CB433A4800][000001CB409CA380 49] iPad5, [000001CB43317100][000001CB409CE500 49] iPad6, [000001CB433A4500][000001CB409D2680 49] iPad7, [000001CB43316800][000001CB409D6800 49] iPad8, [000001CB433A5500][000001CB409DA980 49] iPadPro11, [000001CB43315500][000001CB409DEB00 49] iPadPro2_11, [000001CB433A4F00][000001CB40916C40 49] iPadPro3_129, [000001CB43316C00][000001CB409E2D80 49] iPadPro4_129, [000001CB433A6500][000001CB409E6EC0 49] AppleTV, [000001CB43315100][000001CB409EF040 49] AppleTV4K, [000001CB433A4400][000001CB409F31C0 49] TVOS, [000001CB43316600][000001CB409F7340 49] Mac, [000001CB433A7D00][000001CB409FB4C0 49] MacClient, [000001CB43315800][000001CB409FF640 49] MacNoEditor, [000001CB433A7100][000001CB40A037C0 49] MacServer, [000001CB43317900][000001CB40A07940 49] Linux, [000001CB433A4900][000001CB40A0BAC0 49] LinuxAArch64, [000001CB43317F00][000001CB40A0E0C0 49] LinuxNoEditor, [000001CB433A5B00][000001CB40A12240 49] LinuxAArch64NoEditor, [000001CB43317400][000001CB40A163C0 49] LinuxClient, [000001CB433A5C00][000001CB40A1A540 49] LinuxAArch64Client, [000001CB43315D00][000001CB40A1E6C0 49] LinuxServer, [000001CB433A6F00][000001CB40A22840 49] LinuxAArch64Server, [000001CB43314500][000001CB40A269C0 49] Android, [000001CB433A5E00][000001CB40A2AB40 49] Android_Low, [000001CB43317000][000001CB40A2ECC0 49] Android_Mid, [000001CB433A6400][000001CB409EAE00 49] Android_High, [000001CB43314800][000001CB40A32F40 49] Android_Default, [000001CB433A7200][000001CB40A37080 49] Android_Adreno4xx, [000001CB43372500][000001CB40A3B1C0 49] Android_Adreno5xx_Low, [000001CB4331DC00][000001CB40A43340 49] Android_Adreno5xx, [000001CB43373E00][000001CB40A474C0 49] Android_Adreno6xx, [000001CB4331EB00][000001CB40A4F640 49] Android_Adreno6xx_Vulkan, [000001CB43373F00][000001CB40A537C0 49] Android_Mali_T6xx, [000001CB4331CF00][000001CB40A57940 49] Android_Mali_T7xx, [000001CB43371400][000001CB40A5BAC0 49] Android_Mali_T8xx, [000001CB4331DF00][000001CB4461E0C0 49] Android_Mali_G71, [000001CB43371D00][000001CB44622240 49] Android_Mali_G72, [000001CB4331E400][000001CB446263C0 49] Android_Mali_G72_Vulkan, [000001CB43373700][000001CB4462A540 49] Android_Mali_G76, [000001CB4331E100][000001CB4462E6C0 49] Android_Mali_G76_Vulkan, [000001CB43371C00][000001CB44632840 49] Android_Mali_G77, [000001CB4331CA00][000001CB446369C0 49] Android_Mali_G77_Vulkan, [000001CB43373500][000001CB4463AB40 49] Android_Mali_G78, [000001CB4331D300][000001CB4463ECC0 49] Android_Mali_G78_Vulkan, [000001CB43372A00][000001CB44642E40 49] Android_Mali_G710, [000001CB4331FD00][000001CB40A3EF80 49] Android_Mali_G710_Vulkan, [000001CB43371F00][000001CB446470C0 49] Android_Vulkan_SM5, [000001CB4331C900][000001CB4464B200 49] Android_PowerVR_G6xxx, [000001CB43372000][000001CB4464F340 49] Android_PowerVR_GT7xxx, [000001CB4331E700][000001CB446574C0 49] Android_PowerVR_GE8xxx, [000001CB43372400][000001CB4465B640 49] Android_PowerVR_GM9xxx, [000001CB4331F200][000001CB4465F7C0 49] Android_PowerVR_GM9xxx_Vulkan, [000001CB43373100][000001CB44663940 49] Android_TegraK1, [000001CB4331D700][000001CB44667AC0 49] Android_Unknown_Vulkan, [000001CB43373800][000001CB4466A0C0 49] Lumin, [000001CB4331C200][000001CB4466E240 49] Lumin_Desktop, [000001CB43372300][000001CB446723C0 49] HoloLens, 
[2022.03.19-07.42.57:579][  0]LogMeshReduction: Using QuadricMeshReduction for automatic static mesh reduction
[2022.03.19-07.42.57:579][  0]LogMeshReduction: Using SimplygonMeshReduction for automatic skeletal mesh reduction
[2022.03.19-07.42.57:579][  0]LogMeshReduction: Using ProxyLODMeshReduction for automatic mesh merging
[2022.03.19-07.42.57:579][  0]LogMeshReduction: No distributed automatic mesh merging module available
[2022.03.19-07.42.57:580][  0]LogMeshMerging: No distributed automatic mesh merging module available
[2022.03.19-07.42.57:624][  0]LogNetVersion: TheUnnamed 1.0.0, NetCL: 17155196, EngineNetVer: 17, GameNetVer: 0 (Checksum: 3022322939)
[2022.03.19-07.42.58:816][  0]LogTexture: Default maximum texture size for cubemaps generated from long-lat sources has been changed from 512 to unlimited. In order to preserve old behaiour for '/Engine/MapTemplates/Sky/DaylightAmbientCubemap.DaylightAmbientCubemap', its maximum texture size has been explicitly set to 512.
[2022.03.19-07.42.58:989][  0]LogHMD: PokeAHoleMaterial loaded successfully
[2022.03.19-07.42.59:003][  0]LogUObjectArray: 17178 objects as part of root set at end of initial load.
[2022.03.19-07.42.59:003][  0]LogUObjectAllocator: 4302048 out of 0 bytes used by permanent object pool.
[2022.03.19-07.42.59:003][  0]LogUObjectArray: CloseDisregardForGC: 0/0 objects in disregard for GC pool
[2022.03.19-07.42.59:744][  0]LogNiagaraDebuggerClient: Niagara Debugger Client Initialized | Session: 62B3BE6C4791A9469AB9849F96272646 | Instance: 3E0E396642737A7BCEB191AB5BD6399D (DESKTOP-7DLT2C2-10732).
[2022.03.19-07.42.59:832][  0]LogPython: Using Python 3.7.7
[2022.03.19-07.43.01:571][  0]LogUdpMessaging: Initializing bridge on interface 0.0.0.0:0 to multicast group 230.0.0.1:6666.
[2022.03.19-07.43.01:631][  0]LogTcpMessaging: Initializing TcpMessaging bridge
[2022.03.19-07.43.02:003][  0]SourceControl: Source control is disabled
[2022.03.19-07.43.04:824][  0]LogUProjectInfo: Found projects:
[2022.03.19-07.43.05:371][  0]LogOpenImageDenoise: OIDN starting up
[2022.03.19-07.43.05:484][  0]LogAndroidPermission: UAndroidPermissionCallbackProxy::GetInstance
[2022.03.19-07.43.05:545][  0]LogAudioCaptureCore: Display: No Audio Capture implementations found. Audio input will be silent.
[2022.03.19-07.43.05:545][  0]LogAudioCaptureCore: Display: No Audio Capture implementations found. Audio input will be silent.
[2022.03.19-07.43.05:880][  0]LogCollectionManager: Loaded 0 collections in 0.003642 seconds
[2022.03.19-07.43.05:943][  0]LogFileCache: Scanning file cache for directory 'D:/git/march_marathon_22/TheUnnamed/Saved/Collections/' took 0.00s
[2022.03.19-07.43.05:943][  0]LogFileCache: Scanning file cache for directory 'D:/git/march_marathon_22/TheUnnamed/Content/Developers/gomyn/Collections/' took 0.00s
[2022.03.19-07.43.05:943][  0]LogFileCache: Scanning file cache for directory 'D:/git/march_marathon_22/TheUnnamed/Content/Collections/' took 0.00s
[2022.03.19-07.43.05:943][  0]LogOcInput: OculusInput pre-init called
[2022.03.19-07.43.06:652][  0]LogEngine: Initializing Engine...
[2022.03.19-07.43.06:813][  0]LogHMD: Failed to enumerate extensions. Please check that you have a valid OpenXR runtime installed.
[2022.03.19-07.43.06:825][  0]LogHMD: Failed to initialize OpenVR with code 110
[2022.03.19-07.43.06:837][  0]LogMagicLeap: Warning: VR disabled because ZI is not enabled.  To enable, in the editor, Edit -> Project Settings -> Plugins -> Magic Leap Plugin -> Enable Zero Iteration
[2022.03.19-07.43.06:839][  0]LogStats: UGameplayTagsManager::InitializeManager -  0.001 s
[2022.03.19-07.43.07:199][  0]LogInit: Initializing FReadOnlyCVARCache
[2022.03.19-07.43.07:224][  0]LogAIModule: Creating AISystem for world Untitled
[2022.03.19-07.43.07:279][  0]LogAudio: Display: Initializing Audio Device Manager...
[2022.03.19-07.43.07:288][  0]LogAudio: Display: Loading Default Audio Settings Objects...
[2022.03.19-07.43.07:290][  0]LogAudio: Display: No default SoundConcurrencyObject specified (or failed to load).
[2022.03.19-07.43.07:291][  0]LogAudio: Display: Audio Device Manager Initialized
[2022.03.19-07.43.07:291][  0]LogAudio: Display: Creating Audio Device:                 Id: 1, Scope: Shared, Realtime: True
[2022.03.19-07.43.07:291][  0]LogAudioMixer: Display: Audio Mixer Platform Settings:
[2022.03.19-07.43.07:291][  0]LogAudioMixer: Display: 	Sample Rate:						  48000
[2022.03.19-07.43.07:291][  0]LogAudioMixer: Display: 	Callback Buffer Frame Size Requested: 1024
[2022.03.19-07.43.07:291][  0]LogAudioMixer: Display: 	Callback Buffer Frame Size To Use:	  1024
[2022.03.19-07.43.07:291][  0]LogAudioMixer: Display: 	Number of buffers to queue:			  2
[2022.03.19-07.43.07:291][  0]LogAudioMixer: Display: 	Max Channels (voices):				  32
[2022.03.19-07.43.07:291][  0]LogAudioMixer: Display: 	Number of Async Source Workers:		  0
[2022.03.19-07.43.07:291][  0]LogAudio: Display: AudioDevice MaxSources: 32
[2022.03.19-07.43.07:292][  0]LogAudio: Display: Audio Spatialization Plugin: None (built-in).
[2022.03.19-07.43.07:292][  0]LogAudio: Display: Audio Reverb Plugin: None (built-in).
[2022.03.19-07.43.07:292][  0]LogAudio: Display: Audio Occlusion Plugin: None (built-in).
[2022.03.19-07.43.07:292][  0]LogAudioMixer: Display: Initializing audio mixer.
[2022.03.19-07.43.07:317][  0]LogAudioMixer: Display: 0: FrontLeft
[2022.03.19-07.43.07:317][  0]LogAudioMixer: Display: 1: FrontRight
[2022.03.19-07.43.07:360][  0]LogAudioMixer: Display: Using Audio Device Динамики (High Definition Audio Device)
[2022.03.19-07.43.07:372][  0]LogAudioMixer: Display: Initializing Sound Submixes...
[2022.03.19-07.43.07:379][  0]LogAudioMixer: Display: Creating Master Submix 'MasterSubmixDefault'
[2022.03.19-07.43.07:379][  0]LogAudioMixer: Display: Creating Master Submix 'MasterReverbSubmixDefault'
[2022.03.19-07.43.07:381][  0]LogAudioMixer: Display: Creating Master Submix 'MasterEQSubmixDefault'
[2022.03.19-07.43.07:381][  0]LogAudioMixer: FMixerPlatformXAudio2::StartAudioStream() called
[2022.03.19-07.43.07:381][  0]LogAudioMixer: Display: Output buffers initialized: Frames=1024, Channels=2, Samples=2048
[2022.03.19-07.43.07:383][  0]LogAudioMixer: Display: Starting AudioMixerPlatformInterface::RunInternal()
[2022.03.19-07.43.07:383][  0]LogAudioMixer: Display: FMixerPlatformXAudio2::SubmitBuffer() called for the first time
[2022.03.19-07.43.07:383][  0]LogInit: FAudioDevice initialized.
[2022.03.19-07.43.07:384][  0]LogAudio: Display: Audio Device (ID: 1) registered with world 'Untitled'.
[2022.03.19-07.43.07:384][  0]LogNetVersion: Set ProjectVersion to 1.0.0.0. Version Checksum will be recalculated on next use.
[2022.03.19-07.43.07:643][  0]LogDerivedDataCache: Saved boot cache 0.26s 94MB C:/Users/gomyn/AppData/Local/UnrealEngine/4.27/DerivedDataCache/Boot.ddc.
[2022.03.19-07.43.07:644][  0]LogInit: Texture streaming: Enabled
[2022.03.19-07.43.07:676][  0]LogAnalytics: Display: [UEEditor.Rocket.Release] APIServer = https://datarouter.ol.epicgames.com/. AppVersion = 4.27.2-18319896+++UE4+Release-4.27
[2022.03.19-07.43.07:685][  0]LogEngineSessionManager: EngineSessionManager initialized
[2022.03.19-07.43.07:685][  0]LogEditorSessionSummary: Verbose: Initializing EditorSessionSummaryWriter for editor session tracking
[2022.03.19-07.43.07:690][  0]LogEditorSessionSummary: EditorSessionSummaryWriter initialized
[2022.03.19-07.43.07:745][  0]LogInit: Transaction tracking system initialized
[2022.03.19-07.43.07:798][  0]BlueprintLog: New page: Editor Load
[2022.03.19-07.43.07:947][  0]LocalizationService: Localization service is disabled
[2022.03.19-07.43.08:012][  0]TimingProfiler: Initialize
[2022.03.19-07.43.08:013][  0]TimingProfiler: OnSessionChanged
[2022.03.19-07.43.08:013][  0]LoadingProfiler: Initialize
[2022.03.19-07.43.08:013][  0]LoadingProfiler: OnSessionChanged
[2022.03.19-07.43.08:013][  0]NetworkingProfiler: Initialize
[2022.03.19-07.43.08:013][  0]NetworkingProfiler: OnSessionChanged
[2022.03.19-07.43.08:013][  0]MemoryProfiler: Initialize
[2022.03.19-07.43.08:014][  0]MemoryProfiler: OnSessionChanged
[2022.03.19-07.43.08:402][  0]LogCook: Display: CookSettings for Memory: MemoryMaxUsedVirtual 0MiB, MemoryMaxUsedPhysical 16384MiB, MemoryMinFreeVirtual 0MiB, MemoryMinFreePhysical 1024MiB
[2022.03.19-07.43.08:402][  0]LogCook: Display: Mobile HDR setting 1
[2022.03.19-07.43.08:879][  0]LogFileCache: Scanning file cache for directory 'D:/git/march_marathon_22/TheUnnamed/Content/' took 0.02s
[2022.03.19-07.43.09:488][  0]LogInit: Display: Engine is initialized. Leaving FEngineLoop::Init()
[2022.03.19-07.43.09:496][  0]LogUnrealEdMisc: Loading editor; pre map load, took 25.654
[2022.03.19-07.43.09:497][  0]Cmd: MAP LOAD FILE="../../../../../git/march_marathon_22/TheUnnamed/Content/ThirdPersonBP/Maps/ThirdPersonExampleMap.umap" TEMPLATE=0 SHOWPROGRESS=1 FEATURELEVEL=3
[2022.03.19-07.43.09:534][  0]LightingResults: New page: Lighting Build
[2022.03.19-07.43.09:537][  0]LogWorld: UWorld::CleanupWorld for Untitled, bSessionEnded=true, bCleanupResources=true
[2022.03.19-07.43.09:538][  0]LogSlate: InvalidateAllWidgets triggered.  All widgets were invalidated
[2022.03.19-07.43.09:538][  0]MapCheck: New page: Map Check
[2022.03.19-07.43.09:538][  0]LightingResults: New page: Lighting Build
[2022.03.19-07.43.09:556][  0]LogAudio: Display: Audio Device unregistered from world 'None'.
[2022.03.19-07.43.09:562][  0]LogUObjectHash: Compacting FUObjectHashTables data took   2.42ms
[2022.03.19-07.43.12:577][  0]LogAudio: Display: Audio Device (ID: 1) registered with world 'ThirdPersonExampleMap'.
[2022.03.19-07.43.12:579][  0]LogAIModule: Creating AISystem for world ThirdPersonExampleMap
[2022.03.19-07.43.12:760][  0]LogEditorServer: Finished looking for orphan Actors (0.000 secs)
[2022.03.19-07.43.12:825][  0]LogUObjectHash: Compacting FUObjectHashTables data took   2.42ms
[2022.03.19-07.43.12:828][  0]Cmd: MAP CHECKDEP NOCLEARLOG
[2022.03.19-07.43.12:828][  0]MapCheck: Map check complete: 0 Error(s), 0 Warning(s), took 0,217ms to complete.
[2022.03.19-07.43.12:828][  0]LogFileHelpers: Loading map 'ThirdPersonExampleMap' took 3.332
[2022.03.19-07.43.12:834][  0]LogUnrealEdMisc: Total Editor Startup Time, took 28.992
[2022.03.19-07.43.13:552][  0]LogSlate: Updating window title bar state: overlay mode, drag disabled, window buttons hidden, title bar hidden
[2022.03.19-07.43.13:577][  0]LogSlate: Updating window title bar state: overlay mode, drag disabled, window buttons hidden, title bar hidden
[2022.03.19-07.43.13:594][  0]LogSlate: Updating window title bar state: overlay mode, drag disabled, window buttons hidden, title bar hidden
[2022.03.19-07.43.13:611][  0]LogSlate: Updating window title bar state: overlay mode, drag disabled, window buttons hidden, title bar hidden
[2022.03.19-07.43.13:941][  0]LogNativeClassHierarchy: Verbose: Native class hierarchy populated in 0.0273 seconds. Added 3822 classes and 928 folders.
[2022.03.19-07.43.14:063][  0]LogNativeClassHierarchy: Verbose: Native class hierarchy updated for 'WidgetCarousel' in 0.0006 seconds. Added 0 classes and 0 folders.
[2022.03.19-07.43.14:373][  0]LogPakFile: PakFile PrimaryIndexSize=187
[2022.03.19-07.43.14:373][  0]LogPakFile: PakFile PathHashIndexSize=101
[2022.03.19-07.43.14:373][  0]LogPakFile: PakFile FullDirectoryIndexSize=148
[2022.03.19-07.43.14:373][  0]LogShaderLibrary: Display: ShaderCodeLibraryPakFileMountedCallback: PakFile 'D:/ue4projs/UE_4.27/FeaturePacks/FP_FirstPerson.upack' (chunk index -1, root 'root:/') mounted
[2022.03.19-07.43.14:373][  0]LogShaderLibrary: Display: ShaderCodeLibraryPakFileMountedCallback: pending pak file info (ChunkID:-1 Root:root:/ File:D:/ue4projs/UE_4.27/FeaturePacks/FP_FirstPerson.upack)
[2022.03.19-07.43.14:374][  0]LogPakFile: OnPakFileMounted2Time == 0.000146
[2022.03.19-07.43.14:412][  0]LogPakFile: PakFile PrimaryIndexSize=189
[2022.03.19-07.43.14:412][  0]LogPakFile: PakFile PathHashIndexSize=101
[2022.03.19-07.43.14:412][  0]LogPakFile: PakFile FullDirectoryIndexSize=152
[2022.03.19-07.43.14:412][  0]LogShaderLibrary: Display: ShaderCodeLibraryPakFileMountedCallback: PakFile 'D:/ue4projs/UE_4.27/FeaturePacks/FP_FirstPersonBP.upack' (chunk index -1, root 'root:/') mounted
[2022.03.19-07.43.14:412][  0]LogShaderLibrary: Display: ShaderCodeLibraryPakFileMountedCallback: pending pak file info (ChunkID:-1 Root:root:/ File:D:/ue4projs/UE_4.27/FeaturePacks/FP_FirstPersonBP.upack)
[2022.03.19-07.43.14:412][  0]LogPakFile: OnPakFileMounted2Time == 0.000120
[2022.03.19-07.43.14:441][  0]LogPakFile: PakFile PrimaryIndexSize=191
[2022.03.19-07.43.14:441][  0]LogPakFile: PakFile PathHashIndexSize=101
[2022.03.19-07.43.14:441][  0]LogPakFile: PakFile FullDirectoryIndexSize=160
[2022.03.19-07.43.14:441][  0]LogShaderLibrary: Display: ShaderCodeLibraryPakFileMountedCallback: PakFile 'D:/ue4projs/UE_4.27/FeaturePacks/MobileStarterContent.upack' (chunk index -1, root 'root:/') mounted
[2022.03.19-07.43.14:441][  0]LogShaderLibrary: Display: ShaderCodeLibraryPakFileMountedCallback: pending pak file info (ChunkID:-1 Root:root:/ File:D:/ue4projs/UE_4.27/FeaturePacks/MobileStarterContent.upack)
[2022.03.19-07.43.14:442][  0]LogPakFile: OnPakFileMounted2Time == 0.000114
[2022.03.19-07.43.14:454][  0]LogPakFile: PakFile PrimaryIndexSize=185
[2022.03.19-07.43.14:454][  0]LogPakFile: PakFile PathHashIndexSize=101
[2022.03.19-07.43.14:454][  0]LogPakFile: PakFile FullDirectoryIndexSize=148
[2022.03.19-07.43.14:454][  0]LogShaderLibrary: Display: ShaderCodeLibraryPakFileMountedCallback: PakFile 'D:/ue4projs/UE_4.27/FeaturePacks/StarterContent.upack' (chunk index -1, root 'root:/') mounted
[2022.03.19-07.43.14:454][  0]LogShaderLibrary: Display: ShaderCodeLibraryPakFileMountedCallback: pending pak file info (ChunkID:-1 Root:root:/ File:D:/ue4projs/UE_4.27/FeaturePacks/StarterContent.upack)
[2022.03.19-07.43.14:454][  0]LogPakFile: OnPakFileMounted2Time == 0.000106
[2022.03.19-07.43.14:479][  0]LogPakFile: PakFile PrimaryIndexSize=190
[2022.03.19-07.43.14:479][  0]LogPakFile: PakFile PathHashIndexSize=101
[2022.03.19-07.43.14:479][  0]LogPakFile: PakFile FullDirectoryIndexSize=154
[2022.03.19-07.43.14:479][  0]LogShaderLibrary: Display: ShaderCodeLibraryPakFileMountedCallback: PakFile 'D:/ue4projs/UE_4.27/FeaturePacks/TP_2DSideScroller.upack' (chunk index -1, root 'root:/') mounted
[2022.03.19-07.43.14:479][  0]LogShaderLibrary: Display: ShaderCodeLibraryPakFileMountedCallback: pending pak file info (ChunkID:-1 Root:root:/ File:D:/ue4projs/UE_4.27/FeaturePacks/TP_2DSideScroller.upack)
[2022.03.19-07.43.14:479][  0]LogPakFile: OnPakFileMounted2Time == 0.000108
[2022.03.19-07.43.14:490][  0]LogPakFile: PakFile PrimaryIndexSize=192
[2022.03.19-07.43.14:490][  0]LogPakFile: PakFile PathHashIndexSize=101
[2022.03.19-07.43.14:490][  0]LogPakFile: PakFile FullDirectoryIndexSize=158
[2022.03.19-07.43.14:490][  0]LogShaderLibrary: Display: ShaderCodeLibraryPakFileMountedCallback: PakFile 'D:/ue4projs/UE_4.27/FeaturePacks/TP_2DSideScrollerBP.upack' (chunk index -1, root 'root:/') mounted
[2022.03.19-07.43.14:490][  0]LogShaderLibrary: Display: ShaderCodeLibraryPakFileMountedCallback: pending pak file info (ChunkID:-1 Root:root:/ File:D:/ue4projs/UE_4.27/FeaturePacks/TP_2DSideScrollerBP.upack)
[2022.03.19-07.43.14:490][  0]LogPakFile: OnPakFileMounted2Time == 0.000095
[2022.03.19-07.43.14:507][  0]LogPakFile: PakFile PrimaryIndexSize=182
[2022.03.19-07.43.14:508][  0]LogPakFile: PakFile PathHashIndexSize=101
[2022.03.19-07.43.14:508][  0]LogPakFile: PakFile FullDirectoryIndexSize=138
[2022.03.19-07.43.14:508][  0]LogShaderLibrary: Display: ShaderCodeLibraryPakFileMountedCallback: PakFile 'D:/ue4projs/UE_4.27/FeaturePacks/TP_Flying.upack' (chunk index -1, root 'root:/') mounted
[2022.03.19-07.43.14:508][  0]LogShaderLibrary: Display: ShaderCodeLibraryPakFileMountedCallback: pending pak file info (ChunkID:-1 Root:root:/ File:D:/ue4projs/UE_4.27/FeaturePacks/TP_Flying.upack)
[2022.03.19-07.43.14:508][  0]LogPakFile: OnPakFileMounted2Time == 0.000107
[2022.03.19-07.43.14:554][  0]LogPakFile: PakFile PrimaryIndexSize=184
[2022.03.19-07.43.14:554][  0]LogPakFile: PakFile PathHashIndexSize=101
[2022.03.19-07.43.14:554][  0]LogPakFile: PakFile FullDirectoryIndexSize=142
[2022.03.19-07.43.14:554][  0]LogShaderLibrary: Display: ShaderCodeLibraryPakFileMountedCallback: PakFile 'D:/ue4projs/UE_4.27/FeaturePacks/TP_FlyingBP.upack' (chunk index -1, root 'root:/') mounted
[2022.03.19-07.43.14:554][  0]LogShaderLibrary: Display: ShaderCodeLibraryPakFileMountedCallback: pending pak file info (ChunkID:-1 Root:root:/ File:D:/ue4projs/UE_4.27/FeaturePacks/TP_FlyingBP.upack)
[2022.03.19-07.43.14:554][  0]LogPakFile: OnPakFileMounted2Time == 0.000110
[2022.03.19-07.43.14:587][  0]LogPakFile: PakFile PrimaryIndexSize=188
[2022.03.19-07.43.14:587][  0]LogPakFile: PakFile PathHashIndexSize=101
[2022.03.19-07.43.14:587][  0]LogPakFile: PakFile FullDirectoryIndexSize=150
[2022.03.19-07.43.14:587][  0]LogShaderLibrary: Display: ShaderCodeLibraryPakFileMountedCallback: PakFile 'D:/ue4projs/UE_4.27/FeaturePacks/TP_HandheldARBP.upack' (chunk index -1, root 'root:/') mounted
[2022.03.19-07.43.14:587][  0]LogShaderLibrary: Display: ShaderCodeLibraryPakFileMountedCallback: pending pak file info (ChunkID:-1 Root:root:/ File:D:/ue4projs/UE_4.27/FeaturePacks/TP_HandheldARBP.upack)
[2022.03.19-07.43.14:587][  0]LogPakFile: OnPakFileMounted2Time == 0.000102
[2022.03.19-07.43.14:612][  0]LogPakFile: PakFile PrimaryIndexSize=182
[2022.03.19-07.43.14:613][  0]LogPakFile: PakFile PathHashIndexSize=101
[2022.03.19-07.43.14:613][  0]LogPakFile: PakFile FullDirectoryIndexSize=138
[2022.03.19-07.43.14:613][  0]LogShaderLibrary: Display: ShaderCodeLibraryPakFileMountedCallback: PakFile 'D:/ue4projs/UE_4.27/FeaturePacks/TP_Puzzle.upack' (chunk index -1, root 'root:/') mounted
[2022.03.19-07.43.14:613][  0]LogShaderLibrary: Display: ShaderCodeLibraryPakFileMountedCallback: pending pak file info (ChunkID:-1 Root:root:/ File:D:/ue4projs/UE_4.27/FeaturePacks/TP_Puzzle.upack)
[2022.03.19-07.43.14:613][  0]LogPakFile: OnPakFileMounted2Time == 0.000109
[2022.03.19-07.43.14:641][  0]LogPakFile: PakFile PrimaryIndexSize=184
[2022.03.19-07.43.14:641][  0]LogPakFile: PakFile PathHashIndexSize=101
[2022.03.19-07.43.14:641][  0]LogPakFile: PakFile FullDirectoryIndexSize=142
[2022.03.19-07.43.14:641][  0]LogShaderLibrary: Display: ShaderCodeLibraryPakFileMountedCallback: PakFile 'D:/ue4projs/UE_4.27/FeaturePacks/TP_PuzzleBP.upack' (chunk index -1, root 'root:/') mounted
[2022.03.19-07.43.14:641][  0]LogShaderLibrary: Display: ShaderCodeLibraryPakFileMountedCallback: pending pak file info (ChunkID:-1 Root:root:/ File:D:/ue4projs/UE_4.27/FeaturePacks/TP_PuzzleBP.upack)
[2022.03.19-07.43.14:641][  0]LogPakFile: OnPakFileMounted2Time == 0.000106
[2022.03.19-07.43.14:655][  0]LogPakFile: PakFile PrimaryIndexSize=183
[2022.03.19-07.43.14:655][  0]LogPakFile: PakFile PathHashIndexSize=101
[2022.03.19-07.43.14:655][  0]LogPakFile: PakFile FullDirectoryIndexSize=140
[2022.03.19-07.43.14:655][  0]LogShaderLibrary: Display: ShaderCodeLibraryPakFileMountedCallback: PakFile 'D:/ue4projs/UE_4.27/FeaturePacks/TP_Rolling.upack' (chunk index -1, root 'root:/') mounted
[2022.03.19-07.43.14:655][  0]LogShaderLibrary: Display: ShaderCodeLibraryPakFileMountedCallback: pending pak file info (ChunkID:-1 Root:root:/ File:D:/ue4projs/UE_4.27/FeaturePacks/TP_Rolling.upack)
[2022.03.19-07.43.14:655][  0]LogPakFile: OnPakFileMounted2Time == 0.000118
[2022.03.19-07.43.14:666][  0]LogPakFile: PakFile PrimaryIndexSize=185
[2022.03.19-07.43.14:666][  0]LogPakFile: PakFile PathHashIndexSize=101
[2022.03.19-07.43.14:666][  0]LogPakFile: PakFile FullDirectoryIndexSize=144
[2022.03.19-07.43.14:666][  0]LogShaderLibrary: Display: ShaderCodeLibraryPakFileMountedCallback: PakFile 'D:/ue4projs/UE_4.27/FeaturePacks/TP_RollingBP.upack' (chunk index -1, root 'root:/') mounted
[2022.03.19-07.43.14:667][  0]LogShaderLibrary: Display: ShaderCodeLibraryPakFileMountedCallback: pending pak file info (ChunkID:-1 Root:root:/ File:D:/ue4projs/UE_4.27/FeaturePacks/TP_RollingBP.upack)
[2022.03.19-07.43.14:667][  0]LogPakFile: OnPakFileMounted2Time == 0.000101
[2022.03.19-07.43.14:677][  0]LogPakFile: PakFile PrimaryIndexSize=188
[2022.03.19-07.43.14:677][  0]LogPakFile: PakFile PathHashIndexSize=101
[2022.03.19-07.43.14:677][  0]LogPakFile: PakFile FullDirectoryIndexSize=150
[2022.03.19-07.43.14:677][  0]LogShaderLibrary: Display: ShaderCodeLibraryPakFileMountedCallback: PakFile 'D:/ue4projs/UE_4.27/FeaturePacks/TP_SideScroller.upack' (chunk index -1, root 'root:/') mounted
[2022.03.19-07.43.14:678][  0]LogShaderLibrary: Display: ShaderCodeLibraryPakFileMountedCallback: pending pak file info (ChunkID:-1 Root:root:/ File:D:/ue4projs/UE_4.27/FeaturePacks/TP_SideScroller.upack)
[2022.03.19-07.43.14:678][  0]LogPakFile: OnPakFileMounted2Time == 0.000125
[2022.03.19-07.43.14:689][  0]LogPakFile: PakFile PrimaryIndexSize=190
[2022.03.19-07.43.14:689][  0]LogPakFile: PakFile PathHashIndexSize=101
[2022.03.19-07.43.14:689][  0]LogPakFile: PakFile FullDirectoryIndexSize=154
[2022.03.19-07.43.14:689][  0]LogShaderLibrary: Display: ShaderCodeLibraryPakFileMountedCallback: PakFile 'D:/ue4projs/UE_4.27/FeaturePacks/TP_SideScrollerBP.upack' (chunk index -1, root 'root:/') mounted
[2022.03.19-07.43.14:689][  0]LogShaderLibrary: Display: ShaderCodeLibraryPakFileMountedCallback: pending pak file info (ChunkID:-1 Root:root:/ File:D:/ue4projs/UE_4.27/FeaturePacks/TP_SideScrollerBP.upack)
[2022.03.19-07.43.14:689][  0]LogPakFile: OnPakFileMounted2Time == 0.000096
[2022.03.19-07.43.14:701][  0]LogPakFile: PakFile PrimaryIndexSize=187
[2022.03.19-07.43.14:701][  0]LogPakFile: PakFile PathHashIndexSize=101
[2022.03.19-07.43.14:701][  0]LogPakFile: PakFile FullDirectoryIndexSize=148
[2022.03.19-07.43.14:701][  0]LogShaderLibrary: Display: ShaderCodeLibraryPakFileMountedCallback: PakFile 'D:/ue4projs/UE_4.27/FeaturePacks/TP_ThirdPerson.upack' (chunk index -1, root 'root:/') mounted
[2022.03.19-07.43.14:701][  0]LogShaderLibrary: Display: ShaderCodeLibraryPakFileMountedCallback: pending pak file info (ChunkID:-1 Root:root:/ File:D:/ue4projs/UE_4.27/FeaturePacks/TP_ThirdPerson.upack)
[2022.03.19-07.43.14:701][  0]LogPakFile: OnPakFileMounted2Time == 0.000103
[2022.03.19-07.43.14:712][  0]LogPakFile: PakFile PrimaryIndexSize=189
[2022.03.19-07.43.14:712][  0]LogPakFile: PakFile PathHashIndexSize=101
[2022.03.19-07.43.14:712][  0]LogPakFile: PakFile FullDirectoryIndexSize=152
[2022.03.19-07.43.14:713][  0]LogShaderLibrary: Display: ShaderCodeLibraryPakFileMountedCallback: PakFile 'D:/ue4projs/UE_4.27/FeaturePacks/TP_ThirdPersonBP.upack' (chunk index -1, root 'root:/') mounted
[2022.03.19-07.43.14:713][  0]LogShaderLibrary: Display: ShaderCodeLibraryPakFileMountedCallback: pending pak file info (ChunkID:-1 Root:root:/ File:D:/ue4projs/UE_4.27/FeaturePacks/TP_ThirdPersonBP.upack)
[2022.03.19-07.43.14:713][  0]LogPakFile: OnPakFileMounted2Time == 0.000096
[2022.03.19-07.43.14:724][  0]LogPakFile: PakFile PrimaryIndexSize=183
[2022.03.19-07.43.14:724][  0]LogPakFile: PakFile PathHashIndexSize=101
[2022.03.19-07.43.14:724][  0]LogPakFile: PakFile FullDirectoryIndexSize=140
[2022.03.19-07.43.14:724][  0]LogShaderLibrary: Display: ShaderCodeLibraryPakFileMountedCallback: PakFile 'D:/ue4projs/UE_4.27/FeaturePacks/TP_TopDown.upack' (chunk index -1, root 'root:/') mounted
[2022.03.19-07.43.14:724][  0]LogShaderLibrary: Display: ShaderCodeLibraryPakFileMountedCallback: pending pak file info (ChunkID:-1 Root:root:/ File:D:/ue4projs/UE_4.27/FeaturePacks/TP_TopDown.upack)
[2022.03.19-07.43.14:724][  0]LogPakFile: OnPakFileMounted2Time == 0.000119
[2022.03.19-07.43.14:735][  0]LogPakFile: PakFile PrimaryIndexSize=185
[2022.03.19-07.43.14:735][  0]LogPakFile: PakFile PathHashIndexSize=101
[2022.03.19-07.43.14:736][  0]LogPakFile: PakFile FullDirectoryIndexSize=144
[2022.03.19-07.43.14:736][  0]LogShaderLibrary: Display: ShaderCodeLibraryPakFileMountedCallback: PakFile 'D:/ue4projs/UE_4.27/FeaturePacks/TP_TopDownBP.upack' (chunk index -1, root 'root:/') mounted
[2022.03.19-07.43.14:736][  0]LogShaderLibrary: Display: ShaderCodeLibraryPakFileMountedCallback: pending pak file info (ChunkID:-1 Root:root:/ File:D:/ue4projs/UE_4.27/FeaturePacks/TP_TopDownBP.upack)
[2022.03.19-07.43.14:736][  0]LogPakFile: OnPakFileMounted2Time == 0.000098
[2022.03.19-07.43.14:778][  0]LogPakFile: PakFile PrimaryIndexSize=185
[2022.03.19-07.43.14:778][  0]LogPakFile: PakFile PathHashIndexSize=101
[2022.03.19-07.43.14:778][  0]LogPakFile: PakFile FullDirectoryIndexSize=144
[2022.03.19-07.43.14:778][  0]LogShaderLibrary: Display: ShaderCodeLibraryPakFileMountedCallback: PakFile 'D:/ue4projs/UE_4.27/FeaturePacks/TP_TwinStick.upack' (chunk index -1, root 'root:/') mounted
[2022.03.19-07.43.14:778][  0]LogShaderLibrary: Display: ShaderCodeLibraryPakFileMountedCallback: pending pak file info (ChunkID:-1 Root:root:/ File:D:/ue4projs/UE_4.27/FeaturePacks/TP_TwinStick.upack)
[2022.03.19-07.43.14:778][  0]LogPakFile: OnPakFileMounted2Time == 0.000104
[2022.03.19-07.43.14:807][  0]LogPakFile: PakFile PrimaryIndexSize=187
[2022.03.19-07.43.14:807][  0]LogPakFile: PakFile PathHashIndexSize=101
[2022.03.19-07.43.14:807][  0]LogPakFile: PakFile FullDirectoryIndexSize=148
[2022.03.19-07.43.14:807][  0]LogShaderLibrary: Display: ShaderCodeLibraryPakFileMountedCallback: PakFile 'D:/ue4projs/UE_4.27/FeaturePacks/TP_TwinStickBP.upack' (chunk index -1, root 'root:/') mounted
[2022.03.19-07.43.14:808][  0]LogShaderLibrary: Display: ShaderCodeLibraryPakFileMountedCallback: pending pak file info (ChunkID:-1 Root:root:/ File:D:/ue4projs/UE_4.27/FeaturePacks/TP_TwinStickBP.upack)
[2022.03.19-07.43.14:808][  0]LogPakFile: OnPakFileMounted2Time == 0.000106
[2022.03.19-07.43.14:819][  0]LogPakFile: PakFile PrimaryIndexSize=183
[2022.03.19-07.43.14:819][  0]LogPakFile: PakFile PathHashIndexSize=101
[2022.03.19-07.43.14:819][  0]LogPakFile: PakFile FullDirectoryIndexSize=140
[2022.03.19-07.43.14:819][  0]LogShaderLibrary: Display: ShaderCodeLibraryPakFileMountedCallback: PakFile 'D:/ue4projs/UE_4.27/FeaturePacks/TP_Vehicle.upack' (chunk index -1, root 'root:/') mounted
[2022.03.19-07.43.14:819][  0]LogShaderLibrary: Display: ShaderCodeLibraryPakFileMountedCallback: pending pak file info (ChunkID:-1 Root:root:/ File:D:/ue4projs/UE_4.27/FeaturePacks/TP_Vehicle.upack)
[2022.03.19-07.43.14:819][  0]LogPakFile: OnPakFileMounted2Time == 0.000100
[2022.03.19-07.43.14:831][  0]LogPakFile: PakFile PrimaryIndexSize=186
[2022.03.19-07.43.14:831][  0]LogPakFile: PakFile PathHashIndexSize=101
[2022.03.19-07.43.14:831][  0]LogPakFile: PakFile FullDirectoryIndexSize=146
[2022.03.19-07.43.14:831][  0]LogShaderLibrary: Display: ShaderCodeLibraryPakFileMountedCallback: PakFile 'D:/ue4projs/UE_4.27/FeaturePacks/TP_VehicleAdv.upack' (chunk index -1, root 'root:/') mounted
[2022.03.19-07.43.14:831][  0]LogShaderLibrary: Display: ShaderCodeLibraryPakFileMountedCallback: pending pak file info (ChunkID:-1 Root:root:/ File:D:/ue4projs/UE_4.27/FeaturePacks/TP_VehicleAdv.upack)
[2022.03.19-07.43.14:831][  0]LogPakFile: OnPakFileMounted2Time == 0.000099
[2022.03.19-07.43.14:852][  0]LogPakFile: PakFile PrimaryIndexSize=188
[2022.03.19-07.43.14:852][  0]LogPakFile: PakFile PathHashIndexSize=101
[2022.03.19-07.43.14:852][  0]LogPakFile: PakFile FullDirectoryIndexSize=150
[2022.03.19-07.43.14:852][  0]LogShaderLibrary: Display: ShaderCodeLibraryPakFileMountedCallback: PakFile 'D:/ue4projs/UE_4.27/FeaturePacks/TP_VehicleAdvBP.upack' (chunk index -1, root 'root:/') mounted
[2022.03.19-07.43.14:852][  0]LogShaderLibrary: Display: ShaderCodeLibraryPakFileMountedCallback: pending pak file info (ChunkID:-1 Root:root:/ File:D:/ue4projs/UE_4.27/FeaturePacks/TP_VehicleAdvBP.upack)
[2022.03.19-07.43.14:852][  0]LogPakFile: OnPakFileMounted2Time == 0.000121
[2022.03.19-07.43.14:865][  0]LogPakFile: PakFile PrimaryIndexSize=185
[2022.03.19-07.43.14:865][  0]LogPakFile: PakFile PathHashIndexSize=101
[2022.03.19-07.43.14:865][  0]LogPakFile: PakFile FullDirectoryIndexSize=144
[2022.03.19-07.43.14:865][  0]LogShaderLibrary: Display: ShaderCodeLibraryPakFileMountedCallback: PakFile 'D:/ue4projs/UE_4.27/FeaturePacks/TP_VehicleBP.upack' (chunk index -1, root 'root:/') mounted
[2022.03.19-07.43.14:865][  0]LogShaderLibrary: Display: ShaderCodeLibraryPakFileMountedCallback: pending pak file info (ChunkID:-1 Root:root:/ File:D:/ue4projs/UE_4.27/FeaturePacks/TP_VehicleBP.upack)
[2022.03.19-07.43.14:865][  0]LogPakFile: OnPakFileMounted2Time == 0.000100
[2022.03.19-07.43.14:877][  0]LogPakFile: PakFile PrimaryIndexSize=192
[2022.03.19-07.43.14:877][  0]LogPakFile: PakFile PathHashIndexSize=101
[2022.03.19-07.43.14:877][  0]LogPakFile: PakFile FullDirectoryIndexSize=158
[2022.03.19-07.43.14:877][  0]LogShaderLibrary: Display: ShaderCodeLibraryPakFileMountedCallback: PakFile 'D:/ue4projs/UE_4.27/FeaturePacks/TP_VirtualRealityBP.upack' (chunk index -1, root 'root:/') mounted
[2022.03.19-07.43.14:877][  0]LogShaderLibrary: Display: ShaderCodeLibraryPakFileMountedCallback: pending pak file info (ChunkID:-1 Root:root:/ File:D:/ue4projs/UE_4.27/FeaturePacks/TP_VirtualRealityBP.upack)
[2022.03.19-07.43.14:877][  0]LogPakFile: OnPakFileMounted2Time == 0.000115
[2022.03.19-07.43.16:986][  0]LogNativeClassHierarchy: Verbose: Native class hierarchy updated for 'AddContentDialog' in 0.0006 seconds. Added 0 classes and 0 folders.
[2022.03.19-07.43.17:023][  0]LogNativeClassHierarchy: Verbose: Native class hierarchy updated for 'SceneOutliner' in 0.0006 seconds. Added 2 classes and 0 folders.
[2022.03.19-07.43.17:400][  0]LogSlate: Took 0.000632 seconds to synchronously load lazily loaded font '../../../Engine/Content/Slate/Fonts/Roboto-Regular.ttf' (155K)
[2022.03.19-07.43.17:427][  0]LogSlate: Took 0.024137 seconds to synchronously load lazily loaded font '../../../Engine/Content/Editor/Slate/Fonts/FontAwesome.ttf' (139K)
[2022.03.19-07.43.17:439][  0]LogSlate: Took 0.000508 seconds to synchronously load lazily loaded font '../../../Engine/Content/Slate/Fonts/Roboto-Bold.ttf' (160K)
[2022.03.19-07.43.19:761][  0]LogRenderer: Reallocating scene render targets to support 1208x648 Format 10 NumSamples 1 (Frame:1).
[2022.03.19-07.43.20:479][  0]LogNativeClassHierarchy: Verbose: Native class hierarchy updated for 'HierarchicalLODOutliner' in 0.0007 seconds. Added 0 classes and 0 folders.
[2022.03.19-07.43.20:479][  0]LogInput: Warning: Action Jump uses invalid key OculusGo_Left_Trigger_Click.
[2022.03.19-07.43.20:479][  0]LogInput: Warning: Action ResetVR uses invalid key OculusGo_Left_Trackpad_Click.
[2022.03.19-07.43.20:479][  0]LogInput: Warning: Use -RemoveInvalidKeys to remove instances of these keys from the action mapping.
[2022.03.19-07.43.20:479][  0]LogLoad: (Engine Initialization) Total time: 36.64 seconds
[2022.03.19-07.43.20:479][  0]LogLoad: (Engine Initialization) Total Blueprint compile time: 0.00 seconds
[2022.03.19-07.43.20:643][  0]LogContentStreaming: Texture pool size now 1000 MB
[2022.03.19-07.43.20:987][  2]LogAssetRegistry: Asset discovery search completed in 24.4677 seconds
[2022.03.19-07.43.21:011][  2]LogCollectionManager: Fixed up redirectors for 0 collections in 0.000007 seconds (updated 0 objects)
[2022.03.19-07.43.21:091][  2]LogSlate: Took 0.027800 seconds to synchronously load lazily loaded font '../../../Engine/Content/Slate/Fonts/Roboto-Light.ttf' (167K)
[2022.03.19-07.43.21:623][  4]LogWindowsTextInputMethodSystem: Display: IME system deactivated.
[2022.03.19-07.43.21:623][  4]LogWindowsTextInputMethodSystem: Display: IME system deactivated.
[2022.03.19-07.56.07:942][519]LogAnalytics: Warning: EventCache either took too long to flush (1.023 ms) or had a very large payload (0.437 KB, 1 events). Listing events in the payload for investigation:
[2022.03.19-07.56.07:942][519]LogAnalytics: Warning:     Editor.Usage.Heartbeat,434
[2022.03.19-08.11.52:860][319]LogAudioMixer: Display: Audio Buffer Underrun (starvation) detected.
[2022.03.19-08.11.53:318][320]LogWindowsTextInputMethodSystem: Display: IME system deactivated.
[2022.03.19-08.11.53:319][320]LogWindowsTextInputMethodSystem: Display: IME system deactivated.
[2022.03.19-08.14.46:669][862]LogWindowsTextInputMethodSystem: Display: IME system deactivated.
[2022.03.19-08.14.46:669][862]LogWindowsTextInputMethodSystem: Display: IME system deactivated.
[2022.03.19-08.16.07:707][186]LogAnalytics: Warning: EventCache either took too long to flush (1.122 ms) or had a very large payload (0.438 KB, 1 events). Listing events in the payload for investigation:
[2022.03.19-08.16.07:708][186]LogAnalytics: Warning:     Editor.Usage.Heartbeat,435
[2022.03.19-08.18.00:130][506]SourceControl: fatal: D:/ue4projs/UE_4.27/Engine/Content: 'D:/ue4projs/UE_4.27/Engine/Content' is outside repository at 'D:/git/march_marathon_22'
[2022.03.19-08.18.00:130][506]SourceControl: fatal: D:/ue4projs/UE_4.27/Engine/Plugins/2D/Paper2D/Content: 'D:/ue4projs/UE_4.27/Engine/Plugins/2D/Paper2D/Content' is outside repository at 'D:/git/march_marathon_22'
[2022.03.19-08.18.00:130][506]SourceControl: fatal: D:/ue4projs/UE_4.27/Engine/Plugins/Developer/AnimationSharing/Content: 'D:/ue4projs/UE_4.27/Engine/Plugins/Developer/AnimationSharing/Content' is outside repository at 'D:/git/march_marathon_22'
[2022.03.19-08.18.00:130][506]SourceControl: fatal: D:/ue4projs/UE_4.27/Engine/Plugins/Editor/GeometryMode/Content: 'D:/ue4projs/UE_4.27/Engine/Plugins/Editor/GeometryMode/Content' is outside repository at 'D:/git/march_marathon_22'
[2022.03.19-08.18.00:130][506]SourceControl: fatal: D:/ue4projs/UE_4.27/Engine/Plugins/Editor/SpeedTreeImporter/Content: 'D:/ue4projs/UE_4.27/Engine/Plugins/Editor/SpeedTreeImporter/Content' is outside repository at 'D:/git/march_marathon_22'
[2022.03.19-08.18.00:130][506]SourceControl: fatal: D:/ue4projs/UE_4.27/Engine/Plugins/Enterprise/DatasmithContent/Content: 'D:/ue4projs/UE_4.27/Engine/Plugins/Enterprise/DatasmithContent/Content' is outside repository at 'D:/git/march_marathon_22'
[2022.03.19-08.18.00:130][506]SourceControl: fatal: D:/ue4projs/UE_4.27/Engine/Plugins/FX/Niagara/Content: 'D:/ue4projs/UE_4.27/Engine/Plugins/FX/Niagara/Content' is outside repository at 'D:/git/march_marathon_22'
[2022.03.19-08.18.00:130][506]SourceControl: fatal: D:/ue4projs/UE_4.27/Engine/Plugins/Experimental/ChaosClothEditor/Content: 'D:/ue4projs/UE_4.27/Engine/Plugins/Experimental/ChaosClothEditor/Content' is outside repository at 'D:/git/march_marathon_22'
[2022.03.19-08.18.00:130][506]SourceControl: fatal: D:/ue4projs/UE_4.27/Engine/Plugins/Experimental/ChaosNiagara/Content: 'D:/ue4projs/UE_4.27/Engine/Plugins/Experimental/ChaosNiagara/Content' is outside repository at 'D:/git/march_marathon_22'
[2022.03.19-08.18.00:131][506]SourceControl: fatal: D:/ue4projs/UE_4.27/Engine/Plugins/Experimental/ChaosSolverPlugin/Content: 'D:/ue4projs/UE_4.27/Engine/Plugins/Experimental/ChaosSolverPlugin/Content' is outside repository at 'D:/git/march_marathon_22'
[2022.03.19-08.18.00:131][506]SourceControl: fatal: D:/ue4projs/UE_4.27/Engine/Plugins/Experimental/GeometryCollectionPlugin/Content: 'D:/ue4projs/UE_4.27/Engine/Plugins/Experimental/GeometryCollectionPlugin/Content' is outside repository at 'D:/git/march_marathon_22'
[2022.03.19-08.18.00:131][506]SourceControl: fatal: D:/ue4projs/UE_4.27/Engine/Plugins/Experimental/GeometryProcessing/Content: 'D:/ue4projs/UE_4.27/Engine/Plugins/Experimental/GeometryProcessing/Content' is outside repository at 'D:/git/march_marathon_22'
[2022.03.19-08.18.00:131][506]SourceControl: fatal: D:/ue4projs/UE_4.27/Engine/Plugins/Experimental/MotoSynth/Content: 'D:/ue4projs/UE_4.27/Engine/Plugins/Experimental/MotoSynth/Content' is outside repository at 'D:/git/march_marathon_22'
[2022.03.19-08.18.00:131][506]SourceControl: fatal: D:/ue4projs/UE_4.27/Engine/Plugins/Experimental/PythonScriptPlugin/Content: 'D:/ue4projs/UE_4.27/Engine/Plugins/Experimental/PythonScriptPlugin/Content' is outside repository at 'D:/git/march_marathon_22'
[2022.03.19-08.18.00:131][506]SourceControl: fatal: D:/ue4projs/UE_4.27/Engine/Plugins/Lumin/MagicLeap/Content: 'D:/ue4projs/UE_4.27/Engine/Plugins/Lumin/MagicLeap/Content' is outside repository at 'D:/git/march_marathon_22'
[2022.03.19-08.18.00:131][506]SourceControl: fatal: D:/ue4projs/UE_4.27/Engine/Plugins/Lumin/MagicLeapPassableWorld/Content: 'D:/ue4projs/UE_4.27/Engine/Plugins/Lumin/MagicLeapPassableWorld/Content' is outside repository at 'D:/git/march_marathon_22'
[2022.03.19-08.18.00:131][506]SourceControl: fatal: D:/ue4projs/UE_4.27/Engine/Plugins/Media/MediaCompositing/Content: 'D:/ue4projs/UE_4.27/Engine/Plugins/Media/MediaCompositing/Content' is outside repository at 'D:/git/march_marathon_22'
[2022.03.19-08.18.00:131][506]SourceControl: fatal: D:/ue4projs/UE_4.27/Engine/Plugins/Runtime/AudioSynesthesia/Content: 'D:/ue4projs/UE_4.27/Engine/Plugins/Runtime/AudioSynesthesia/Content' is outside repository at 'D:/git/march_marathon_22'
[2022.03.19-08.18.00:131][506]SourceControl: fatal: D:/ue4projs/UE_4.27/Engine/Plugins/Runtime/OpenXREyeTracker/Content: 'D:/ue4projs/UE_4.27/Engine/Plugins/Runtime/OpenXREyeTracker/Content' is outside repository at 'D:/git/march_marathon_22'
[2022.03.19-08.18.00:131][506]SourceControl: fatal: D:/ue4projs/UE_4.27/Engine/Plugins/Runtime/OpenXRHandTracking/Content: 'D:/ue4projs/UE_4.27/Engine/Plugins/Runtime/OpenXRHandTracking/Content' is outside repository at 'D:/git/march_marathon_22'
[2022.03.19-08.18.00:131][506]SourceControl: fatal: D:/ue4projs/UE_4.27/Engine/Plugins/Runtime/PostSplashScreen/Content: 'D:/ue4projs/UE_4.27/Engine/Plugins/Runtime/PostSplashScreen/Content' is outside repository at 'D:/git/march_marathon_22'
[2022.03.19-08.18.00:131][506]SourceControl: fatal: D:/ue4projs/UE_4.27/Engine/Plugins/Runtime/OpenXR/Content: 'D:/ue4projs/UE_4.27/Engine/Plugins/Runtime/OpenXR/Content' is outside repository at 'D:/git/march_marathon_22'
[2022.03.19-08.18.00:131][506]SourceControl: fatal: D:/ue4projs/UE_4.27/Engine/Plugins/Runtime/Synthesis/Content: 'D:/ue4projs/UE_4.27/Engine/Plugins/Runtime/Synthesis/Content' is outside repository at 'D:/git/march_marathon_22'
[2022.03.19-08.18.00:131][506]SourceControl: fatal: D:/ue4projs/UE_4.27/Engine/Plugins/VirtualProduction/Takes/Content: 'D:/ue4projs/UE_4.27/Engine/Plugins/VirtualProduction/Takes/Content' is outside repository at 'D:/git/march_marathon_22'
[2022.03.19-08.18.00:131][506]SourceControl: fatal: D:/ue4projs/UE_4.27/Engine/Plugins/Runtime/Oculus/OculusVR/Content: 'D:/ue4projs/UE_4.27/Engine/Plugins/Runtime/Oculus/OculusVR/Content' is outside repository at 'D:/git/march_marathon_22'
[2022.03.19-08.18.00:131][506]SourceControl: fatal: D:/ue4projs/UE_4.27/Engine/Plugins/Runtime/Steam/SteamVR/Content: 'D:/ue4projs/UE_4.27/Engine/Plugins/Runtime/Steam/SteamVR/Content' is outside repository at 'D:/git/march_marathon_22'
[2022.03.19-08.18.00:881][506]EditorErrors: Warning: No assets to check in!
[2022.03.19-08.20.47:945][526]LogAudioMixer: Display: Audio Buffer Underrun (starvation) detected.
